2025-11-05 00:00:12.964 +02:00 [INF] Initializing Coplay services
2025-11-05 00:00:12.970 +02:00 [INF] Initializing EditorThreadHelper
2025-11-05 00:00:12.971 +02:00 [INF] EditorThreadHelper initialized successfully
2025-11-05 00:00:12.981 +02:00 [INF] Enabling console error detection
2025-11-05 00:00:12.987 +02:00 [INF] ConsoleDebugButtonService initializing
2025-11-05 00:00:12.992 +02:00 [INF] ConsoleDebugButtonService initialized
2025-11-05 00:00:27.463 +02:00 [INF] Coplay container created
2025-11-05 00:00:27.464 +02:00 [INF] Debug button created, initial visibility: visible
2025-11-05 00:00:27.465 +02:00 [INF] Copy button created
2025-11-05 00:00:27.465 +02:00 [INF] Debug With AI button successfully injected into console
2025-11-05 00:00:27.466 +02:00 [INF] Subscribed to error detection
2025-11-05 00:00:27.550 +02:00 [INF] Found 2 startup errors via direct console query - caching for downstream use
2025-11-05 00:03:35.157 +02:00 [DBG] Compilation finished, refreshing error state
2025-11-05 00:04:57.908 +02:00 [INF] Initializing Coplay services
2025-11-05 00:04:57.915 +02:00 [INF] Initializing EditorThreadHelper
2025-11-05 00:04:57.915 +02:00 [INF] EditorThreadHelper initialized successfully
2025-11-05 00:04:57.927 +02:00 [INF] Enabling console error detection
2025-11-05 00:04:57.935 +02:00 [INF] ConsoleDebugButtonService initializing
2025-11-05 00:04:57.939 +02:00 [INF] ConsoleDebugButtonService initialized
2025-11-05 00:05:13.487 +02:00 [INF] Coplay container created
2025-11-05 00:05:13.488 +02:00 [INF] Debug button created, initial visibility: visible
2025-11-05 00:05:13.488 +02:00 [INF] Copy button created
2025-11-05 00:05:13.489 +02:00 [INF] Debug With AI button successfully injected into console
2025-11-05 00:05:13.490 +02:00 [INF] Subscribed to error detection
2025-11-05 00:05:13.579 +02:00 [INF] Found 4 startup errors via direct console query - caching for downstream use
2025-11-05 00:09:50.787 +02:00 [DBG] Compilation finished, refreshing error state
2025-11-05 00:09:50.822 +02:00 [INF] Deinitializing Coplay services
2025-11-05 00:09:50.822 +02:00 [INF] ConsoleDebugButtonService disposing
2025-11-05 00:09:50.824 +02:00 [INF] Unsubscribed from error detection
2025-11-05 00:09:50.826 +02:00 [INF] EditorThreadHelper disposed
2025-11-05 00:09:52.953 +02:00 [INF] Initializing Coplay services
2025-11-05 00:09:52.960 +02:00 [INF] Initializing EditorThreadHelper
2025-11-05 00:09:52.960 +02:00 [INF] EditorThreadHelper initialized successfully
2025-11-05 00:09:52.972 +02:00 [INF] Enabling console error detection
2025-11-05 00:09:52.979 +02:00 [INF] ConsoleDebugButtonService initializing
2025-11-05 00:09:52.983 +02:00 [INF] ConsoleDebugButtonService initialized
2025-11-05 00:09:54.690 +02:00 [INF] Coplay container created
2025-11-05 00:09:54.698 +02:00 [INF] Debug button created, initial visibility: hidden
2025-11-05 00:09:54.698 +02:00 [INF] Copy button created
2025-11-05 00:09:54.698 +02:00 [INF] Debug With AI button successfully injected into console
2025-11-05 00:09:54.699 +02:00 [INF] Subscribed to error detection
2025-11-05 00:09:54.777 +02:00 [INF] No startup errors found after delayed check
2025-11-05 00:09:56.727 +02:00 [INF] Deinitializing Coplay services
2025-11-05 00:09:56.727 +02:00 [INF] ConsoleDebugButtonService disposing
2025-11-05 00:09:56.729 +02:00 [INF] Unsubscribed from error detection
2025-11-05 00:09:56.731 +02:00 [INF] EditorThreadHelper disposed
2025-11-05 00:09:58.466 +02:00 [INF] Initializing Coplay services
2025-11-05 00:09:58.473 +02:00 [INF] Initializing EditorThreadHelper
2025-11-05 00:09:58.474 +02:00 [INF] EditorThreadHelper initialized successfully
2025-11-05 00:09:58.484 +02:00 [INF] Enabling console error detection
2025-11-05 00:09:58.491 +02:00 [INF] ConsoleDebugButtonService initializing
2025-11-05 00:09:58.493 +02:00 [INF] ConsoleDebugButtonService initialized
2025-11-05 00:10:01.263 +02:00 [INF] Coplay container created
2025-11-05 00:10:01.264 +02:00 [INF] Debug button created, initial visibility: hidden
2025-11-05 00:10:01.265 +02:00 [INF] Copy button created
2025-11-05 00:10:01.265 +02:00 [INF] Debug With AI button successfully injected into console
2025-11-05 00:10:01.265 +02:00 [INF] Subscribed to error detection
2025-11-05 00:10:01.290 +02:00 [INF] No startup errors found after delayed check
2025-11-05 00:58:36.455 +02:00 [DBG] Compilation finished, refreshing error state
2025-11-05 00:59:37.954 +02:00 [DBG] Compilation finished, refreshing error state
2025-11-05 01:01:21.076 +02:00 [DBG] Compilation finished, refreshing error state
2025-11-05 01:01:21.111 +02:00 [INF] Deinitializing Coplay services
2025-11-05 01:01:21.112 +02:00 [INF] ConsoleDebugButtonService disposing
2025-11-05 01:01:21.115 +02:00 [INF] Unsubscribed from error detection
2025-11-05 01:01:21.117 +02:00 [INF] EditorThreadHelper disposed
2025-11-05 01:01:23.319 +02:00 [INF] Initializing Coplay services
2025-11-05 01:01:23.326 +02:00 [INF] Initializing EditorThreadHelper
2025-11-05 01:01:23.326 +02:00 [INF] EditorThreadHelper initialized successfully
2025-11-05 01:01:23.338 +02:00 [INF] Enabling console error detection
2025-11-05 01:01:23.344 +02:00 [INF] ConsoleDebugButtonService initializing
2025-11-05 01:01:23.347 +02:00 [INF] ConsoleDebugButtonService initialized
2025-11-05 01:01:24.565 +02:00 [INF] Coplay container created
2025-11-05 01:01:24.572 +02:00 [INF] Debug button created, initial visibility: hidden
2025-11-05 01:01:24.573 +02:00 [INF] Copy button created
2025-11-05 01:01:24.573 +02:00 [INF] Debug With AI button successfully injected into console
2025-11-05 01:01:24.573 +02:00 [INF] Subscribed to error detection
2025-11-05 01:01:24.607 +02:00 [INF] No startup errors found after delayed check
2025-11-05 01:02:36.326 +02:00 [DBG] Compilation finished, refreshing error state
2025-11-05 01:02:36.380 +02:00 [INF] Deinitializing Coplay services
2025-11-05 01:02:36.381 +02:00 [INF] ConsoleDebugButtonService disposing
2025-11-05 01:02:36.382 +02:00 [INF] Unsubscribed from error detection
2025-11-05 01:02:36.384 +02:00 [INF] EditorThreadHelper disposed
2025-11-05 01:02:38.487 +02:00 [INF] Initializing Coplay services
2025-11-05 01:02:38.494 +02:00 [INF] Initializing EditorThreadHelper
2025-11-05 01:02:38.494 +02:00 [INF] EditorThreadHelper initialized successfully
2025-11-05 01:02:38.506 +02:00 [INF] Enabling console error detection
2025-11-05 01:02:38.512 +02:00 [INF] ConsoleDebugButtonService initializing
2025-11-05 01:02:38.515 +02:00 [INF] ConsoleDebugButtonService initialized
2025-11-05 01:02:39.869 +02:00 [INF] Coplay container created
2025-11-05 01:02:39.876 +02:00 [INF] Debug button created, initial visibility: hidden
2025-11-05 01:02:39.877 +02:00 [INF] Copy button created
2025-11-05 01:02:39.877 +02:00 [INF] Debug With AI button successfully injected into console
2025-11-05 01:02:39.878 +02:00 [INF] Subscribed to error detection
2025-11-05 01:02:39.907 +02:00 [INF] No startup errors found after delayed check
2025-11-05 01:03:45.757 +02:00 [DBG] Compilation finished, refreshing error state
2025-11-05 01:04:22.928 +02:00 [DBG] Compilation finished, refreshing error state
2025-11-05 01:04:22.961 +02:00 [INF] Deinitializing Coplay services
2025-11-05 01:04:22.962 +02:00 [INF] ConsoleDebugButtonService disposing
2025-11-05 01:04:22.964 +02:00 [INF] Unsubscribed from error detection
2025-11-05 01:04:22.966 +02:00 [INF] EditorThreadHelper disposed
2025-11-05 01:04:25.817 +02:00 [INF] Initializing Coplay services
2025-11-05 01:04:25.823 +02:00 [INF] Initializing EditorThreadHelper
2025-11-05 01:04:25.823 +02:00 [INF] EditorThreadHelper initialized successfully
2025-11-05 01:04:25.835 +02:00 [INF] Enabling console error detection
2025-11-05 01:04:25.843 +02:00 [INF] ConsoleDebugButtonService initializing
2025-11-05 01:04:25.848 +02:00 [INF] ConsoleDebugButtonService initialized
2025-11-05 01:04:27.115 +02:00 [INF] Coplay container created
2025-11-05 01:04:27.123 +02:00 [INF] Debug button created, initial visibility: hidden
2025-11-05 01:04:27.123 +02:00 [INF] Copy button created
2025-11-05 01:04:27.123 +02:00 [INF] Debug With AI button successfully injected into console
2025-11-05 01:04:27.123 +02:00 [INF] Subscribed to error detection
2025-11-05 01:04:27.157 +02:00 [INF] No startup errors found after delayed check
2025-11-05 01:05:38.776 +02:00 [DBG] Compilation finished, refreshing error state
2025-11-05 01:05:38.806 +02:00 [INF] Deinitializing Coplay services
2025-11-05 01:05:38.808 +02:00 [INF] ConsoleDebugButtonService disposing
2025-11-05 01:05:38.809 +02:00 [INF] Unsubscribed from error detection
2025-11-05 01:05:38.811 +02:00 [INF] EditorThreadHelper disposed
2025-11-05 01:05:41.689 +02:00 [INF] Initializing Coplay services
2025-11-05 01:05:41.696 +02:00 [INF] Initializing EditorThreadHelper
2025-11-05 01:05:41.696 +02:00 [INF] EditorThreadHelper initialized successfully
2025-11-05 01:05:41.707 +02:00 [INF] Enabling console error detection
2025-11-05 01:05:41.715 +02:00 [INF] ConsoleDebugButtonService initializing
2025-11-05 01:05:41.719 +02:00 [INF] ConsoleDebugButtonService initialized
2025-11-05 01:05:42.924 +02:00 [INF] Coplay container created
2025-11-05 01:05:42.931 +02:00 [INF] Debug button created, initial visibility: hidden
2025-11-05 01:05:42.931 +02:00 [INF] Copy button created
2025-11-05 01:05:42.931 +02:00 [INF] Debug With AI button successfully injected into console
2025-11-05 01:05:42.932 +02:00 [INF] Subscribed to error detection
2025-11-05 01:05:42.965 +02:00 [INF] No startup errors found after delayed check
2025-11-05 01:06:16.056 +02:00 [DBG] Compilation finished, refreshing error state
2025-11-05 01:06:16.071 +02:00 [INF] Deinitializing Coplay services
2025-11-05 01:06:16.072 +02:00 [INF] ConsoleDebugButtonService disposing
2025-11-05 01:06:16.074 +02:00 [INF] Unsubscribed from error detection
2025-11-05 01:06:16.076 +02:00 [INF] EditorThreadHelper disposed
2025-11-05 01:06:18.561 +02:00 [INF] Initializing Coplay services
2025-11-05 01:06:18.568 +02:00 [INF] Initializing EditorThreadHelper
2025-11-05 01:06:18.568 +02:00 [INF] EditorThreadHelper initialized successfully
2025-11-05 01:06:18.579 +02:00 [INF] Enabling console error detection
2025-11-05 01:06:18.586 +02:00 [INF] ConsoleDebugButtonService initializing
2025-11-05 01:06:18.590 +02:00 [INF] ConsoleDebugButtonService initialized
2025-11-05 01:06:19.717 +02:00 [INF] Coplay container created
2025-11-05 01:06:19.726 +02:00 [INF] Debug button created, initial visibility: hidden
2025-11-05 01:06:19.726 +02:00 [INF] Copy button created
2025-11-05 01:06:19.726 +02:00 [INF] Debug With AI button successfully injected into console
2025-11-05 01:06:19.727 +02:00 [INF] Subscribed to error detection
2025-11-05 01:06:19.755 +02:00 [INF] No startup errors found after delayed check
2025-11-05 01:07:33.064 +02:00 [INF] Initializing Coplay services
2025-11-05 01:07:33.071 +02:00 [INF] Initializing EditorThreadHelper
2025-11-05 01:07:33.071 +02:00 [INF] EditorThreadHelper initialized successfully
2025-11-05 01:07:33.081 +02:00 [INF] Enabling console error detection
2025-11-05 01:07:33.088 +02:00 [INF] ConsoleDebugButtonService initializing
2025-11-05 01:07:33.091 +02:00 [INF] ConsoleDebugButtonService initialized
2025-11-05 01:07:36.098 +02:00 [INF] Coplay container created
2025-11-05 01:07:36.100 +02:00 [INF] Debug button created, initial visibility: hidden
2025-11-05 01:07:36.100 +02:00 [INF] Copy button created
2025-11-05 01:07:36.100 +02:00 [INF] Debug With AI button successfully injected into console
2025-11-05 01:07:36.101 +02:00 [INF] Subscribed to error detection
2025-11-05 01:07:36.200 +02:00 [INF] No startup errors found after delayed check
2025-11-05 01:12:13.134 +02:00 [DBG] Compilation finished, refreshing error state
2025-11-05 01:12:13.170 +02:00 [INF] Deinitializing Coplay services
2025-11-05 01:12:13.171 +02:00 [INF] ConsoleDebugButtonService disposing
2025-11-05 01:12:13.172 +02:00 [INF] Unsubscribed from error detection
2025-11-05 01:12:13.174 +02:00 [INF] EditorThreadHelper disposed
2025-11-05 01:12:15.930 +02:00 [INF] Initializing Coplay services
2025-11-05 01:12:15.937 +02:00 [INF] Initializing EditorThreadHelper
2025-11-05 01:12:15.937 +02:00 [INF] EditorThreadHelper initialized successfully
2025-11-05 01:12:15.949 +02:00 [INF] Enabling console error detection
2025-11-05 01:12:15.956 +02:00 [INF] ConsoleDebugButtonService initializing
2025-11-05 01:12:15.960 +02:00 [INF] ConsoleDebugButtonService initialized
2025-11-05 01:12:17.145 +02:00 [INF] Coplay container created
2025-11-05 01:12:17.151 +02:00 [INF] Debug button created, initial visibility: hidden
2025-11-05 01:12:17.152 +02:00 [INF] Copy button created
2025-11-05 01:12:17.152 +02:00 [INF] Debug With AI button successfully injected into console
2025-11-05 01:12:17.153 +02:00 [INF] Subscribed to error detection
2025-11-05 01:12:17.182 +02:00 [INF] No startup errors found after delayed check
2025-11-05 01:14:53.327 +02:00 [DBG] Compilation finished, refreshing error state
2025-11-05 01:14:53.362 +02:00 [INF] Deinitializing Coplay services
2025-11-05 01:14:53.362 +02:00 [INF] ConsoleDebugButtonService disposing
2025-11-05 01:14:53.364 +02:00 [INF] Unsubscribed from error detection
2025-11-05 01:14:53.366 +02:00 [INF] EditorThreadHelper disposed
2025-11-05 01:14:56.055 +02:00 [INF] Initializing Coplay services
2025-11-05 01:14:56.062 +02:00 [INF] Initializing EditorThreadHelper
2025-11-05 01:14:56.062 +02:00 [INF] EditorThreadHelper initialized successfully
2025-11-05 01:14:56.072 +02:00 [INF] Enabling console error detection
2025-11-05 01:14:56.079 +02:00 [INF] ConsoleDebugButtonService initializing
2025-11-05 01:14:56.082 +02:00 [INF] ConsoleDebugButtonService initialized
2025-11-05 01:14:57.261 +02:00 [INF] Coplay container created
2025-11-05 01:14:57.268 +02:00 [INF] Debug button created, initial visibility: hidden
2025-11-05 01:14:57.268 +02:00 [INF] Copy button created
2025-11-05 01:14:57.268 +02:00 [INF] Debug With AI button successfully injected into console
2025-11-05 01:14:57.269 +02:00 [INF] Subscribed to error detection
2025-11-05 01:14:57.298 +02:00 [INF] No startup errors found after delayed check
2025-11-05 01:33:36.314 +02:00 [DBG] Compilation finished, refreshing error state
2025-11-05 01:33:36.348 +02:00 [INF] Deinitializing Coplay services
2025-11-05 01:33:36.348 +02:00 [INF] ConsoleDebugButtonService disposing
2025-11-05 01:33:36.350 +02:00 [INF] Unsubscribed from error detection
2025-11-05 01:33:36.351 +02:00 [INF] EditorThreadHelper disposed
2025-11-05 01:33:39.218 +02:00 [INF] Initializing Coplay services
2025-11-05 01:33:39.224 +02:00 [INF] Initializing EditorThreadHelper
2025-11-05 01:33:39.224 +02:00 [INF] EditorThreadHelper initialized successfully
2025-11-05 01:33:39.237 +02:00 [INF] Enabling console error detection
2025-11-05 01:33:39.243 +02:00 [INF] ConsoleDebugButtonService initializing
2025-11-05 01:33:39.247 +02:00 [INF] ConsoleDebugButtonService initialized
2025-11-05 01:33:40.472 +02:00 [INF] Coplay container created
2025-11-05 01:33:40.479 +02:00 [INF] Debug button created, initial visibility: hidden
2025-11-05 01:33:40.479 +02:00 [INF] Copy button created
2025-11-05 01:33:40.480 +02:00 [INF] Debug With AI button successfully injected into console
2025-11-05 01:33:40.480 +02:00 [INF] Subscribed to error detection
2025-11-05 01:33:40.511 +02:00 [INF] No startup errors found after delayed check
2025-11-05 01:35:38.731 +02:00 [DBG] Compilation finished, refreshing error state
2025-11-05 01:35:38.770 +02:00 [INF] Deinitializing Coplay services
2025-11-05 01:35:38.770 +02:00 [INF] ConsoleDebugButtonService disposing
2025-11-05 01:35:38.772 +02:00 [INF] Unsubscribed from error detection
2025-11-05 01:35:38.775 +02:00 [INF] EditorThreadHelper disposed
2025-11-05 01:35:42.354 +02:00 [INF] Initializing Coplay services
2025-11-05 01:35:42.361 +02:00 [INF] Initializing EditorThreadHelper
2025-11-05 01:35:42.361 +02:00 [INF] EditorThreadHelper initialized successfully
2025-11-05 01:35:42.372 +02:00 [INF] Enabling console error detection
2025-11-05 01:35:42.379 +02:00 [INF] ConsoleDebugButtonService initializing
2025-11-05 01:35:42.382 +02:00 [INF] ConsoleDebugButtonService initialized
2025-11-05 01:35:43.831 +02:00 [INF] Coplay container created
2025-11-05 01:35:43.838 +02:00 [INF] Debug button created, initial visibility: hidden
2025-11-05 01:35:43.838 +02:00 [INF] Copy button created
2025-11-05 01:35:43.838 +02:00 [INF] Debug With AI button successfully injected into console
2025-11-05 01:35:43.839 +02:00 [INF] Subscribed to error detection
2025-11-05 01:35:43.870 +02:00 [INF] No startup errors found after delayed check
2025-11-05 01:43:13.828 +02:00 [DBG] Compilation finished, refreshing error state
2025-11-05 01:43:13.862 +02:00 [INF] Deinitializing Coplay services
2025-11-05 01:43:13.863 +02:00 [INF] ConsoleDebugButtonService disposing
2025-11-05 01:43:13.865 +02:00 [INF] Unsubscribed from error detection
2025-11-05 01:43:13.867 +02:00 [INF] EditorThreadHelper disposed
2025-11-05 01:43:16.807 +02:00 [INF] Initializing Coplay services
2025-11-05 01:43:16.814 +02:00 [INF] Initializing EditorThreadHelper
2025-11-05 01:43:16.814 +02:00 [INF] EditorThreadHelper initialized successfully
2025-11-05 01:43:16.826 +02:00 [INF] Enabling console error detection
2025-11-05 01:43:16.832 +02:00 [INF] ConsoleDebugButtonService initializing
2025-11-05 01:43:16.837 +02:00 [INF] ConsoleDebugButtonService initialized
2025-11-05 01:43:18.277 +02:00 [INF] Coplay container created
2025-11-05 01:43:18.284 +02:00 [INF] Debug button created, initial visibility: hidden
2025-11-05 01:43:18.284 +02:00 [INF] Copy button created
2025-11-05 01:43:18.285 +02:00 [INF] Debug With AI button successfully injected into console
2025-11-05 01:43:18.285 +02:00 [INF] Subscribed to error detection
2025-11-05 01:43:18.315 +02:00 [INF] No startup errors found after delayed check
2025-11-05 01:43:26.844 +02:00 [INF] Deinitializing Coplay services
2025-11-05 01:43:26.845 +02:00 [INF] ConsoleDebugButtonService disposing
2025-11-05 01:43:26.847 +02:00 [INF] Unsubscribed from error detection
2025-11-05 01:43:26.848 +02:00 [INF] EditorThreadHelper disposed
2025-11-05 01:43:28.572 +02:00 [INF] Initializing Coplay services
2025-11-05 01:43:28.578 +02:00 [INF] Initializing EditorThreadHelper
2025-11-05 01:43:28.578 +02:00 [INF] EditorThreadHelper initialized successfully
2025-11-05 01:43:28.589 +02:00 [INF] Enabling console error detection
2025-11-05 01:43:28.596 +02:00 [INF] ConsoleDebugButtonService initializing
2025-11-05 01:43:28.599 +02:00 [INF] ConsoleDebugButtonService initialized
2025-11-05 01:43:31.276 +02:00 [INF] Coplay container created
2025-11-05 01:43:31.276 +02:00 [INF] Debug button created, initial visibility: hidden
2025-11-05 01:43:31.277 +02:00 [INF] Copy button created
2025-11-05 01:43:31.277 +02:00 [INF] Debug With AI button successfully injected into console
2025-11-05 01:43:31.277 +02:00 [INF] Subscribed to error detection
2025-11-05 01:43:31.303 +02:00 [INF] No startup errors found after delayed check
2025-11-05 01:43:51.470 +02:00 [INF] Deinitializing Coplay services
2025-11-05 01:43:51.470 +02:00 [INF] ConsoleDebugButtonService disposing
2025-11-05 01:43:51.472 +02:00 [INF] Unsubscribed from error detection
2025-11-05 01:43:51.474 +02:00 [INF] EditorThreadHelper disposed
2025-11-05 01:43:53.228 +02:00 [INF] Initializing Coplay services
2025-11-05 01:43:53.234 +02:00 [INF] Initializing EditorThreadHelper
2025-11-05 01:43:53.234 +02:00 [INF] EditorThreadHelper initialized successfully
2025-11-05 01:43:53.246 +02:00 [INF] Enabling console error detection
2025-11-05 01:43:53.253 +02:00 [INF] ConsoleDebugButtonService initializing
2025-11-05 01:43:53.257 +02:00 [INF] ConsoleDebugButtonService initialized
2025-11-05 01:43:55.944 +02:00 [INF] Coplay container created
2025-11-05 01:43:55.945 +02:00 [INF] Debug button created, initial visibility: hidden
2025-11-05 01:43:55.945 +02:00 [INF] Copy button created
2025-11-05 01:43:55.945 +02:00 [INF] Debug With AI button successfully injected into console
2025-11-05 01:43:55.946 +02:00 [INF] Subscribed to error detection
2025-11-05 01:43:55.970 +02:00 [INF] No startup errors found after delayed check
2025-11-05 01:49:05.566 +02:00 [DBG] Compilation finished, refreshing error state
2025-11-05 01:49:05.601 +02:00 [INF] Deinitializing Coplay services
2025-11-05 01:49:05.602 +02:00 [INF] ConsoleDebugButtonService disposing
2025-11-05 01:49:05.604 +02:00 [INF] Unsubscribed from error detection
2025-11-05 01:49:05.606 +02:00 [INF] EditorThreadHelper disposed
2025-11-05 01:49:07.696 +02:00 [INF] Initializing Coplay services
2025-11-05 01:49:07.703 +02:00 [INF] Initializing EditorThreadHelper
2025-11-05 01:49:07.703 +02:00 [INF] EditorThreadHelper initialized successfully
2025-11-05 01:49:07.714 +02:00 [INF] Enabling console error detection
2025-11-05 01:49:07.722 +02:00 [INF] ConsoleDebugButtonService initializing
2025-11-05 01:49:07.726 +02:00 [INF] ConsoleDebugButtonService initialized
2025-11-05 01:49:12.582 +02:00 [INF] Coplay container created
2025-11-05 01:49:12.588 +02:00 [INF] Debug button created, initial visibility: hidden
2025-11-05 01:49:12.589 +02:00 [INF] Copy button created
2025-11-05 01:49:12.589 +02:00 [INF] Debug With AI button successfully injected into console
2025-11-05 01:49:12.589 +02:00 [INF] Subscribed to error detection
2025-11-05 01:49:12.619 +02:00 [INF] No startup errors found after delayed check
2025-11-05 01:55:51.096 +02:00 [INF] Deinitializing Coplay services
2025-11-05 01:55:51.096 +02:00 [INF] ConsoleDebugButtonService disposing
2025-11-05 01:55:51.098 +02:00 [INF] Unsubscribed from error detection
2025-11-05 01:55:51.101 +02:00 [INF] EditorThreadHelper disposed
2025-11-05 01:55:53.062 +02:00 [INF] Initializing Coplay services
2025-11-05 01:55:53.069 +02:00 [INF] Initializing EditorThreadHelper
2025-11-05 01:55:53.069 +02:00 [INF] EditorThreadHelper initialized successfully
2025-11-05 01:55:53.080 +02:00 [INF] Enabling console error detection
2025-11-05 01:55:53.087 +02:00 [INF] ConsoleDebugButtonService initializing
2025-11-05 01:55:53.091 +02:00 [INF] ConsoleDebugButtonService initialized
2025-11-05 01:55:55.856 +02:00 [INF] Coplay container created
2025-11-05 01:55:55.857 +02:00 [INF] Debug button created, initial visibility: hidden
2025-11-05 01:55:55.857 +02:00 [INF] Copy button created
2025-11-05 01:55:55.857 +02:00 [INF] Debug With AI button successfully injected into console
2025-11-05 01:55:55.858 +02:00 [INF] Subscribed to error detection
2025-11-05 01:55:55.886 +02:00 [INF] No startup errors found after delayed check
2025-11-05 01:59:02.007 +02:00 [DBG] Compilation finished, refreshing error state
2025-11-05 01:59:02.041 +02:00 [INF] Deinitializing Coplay services
2025-11-05 01:59:02.041 +02:00 [INF] ConsoleDebugButtonService disposing
2025-11-05 01:59:02.044 +02:00 [INF] Unsubscribed from error detection
2025-11-05 01:59:02.046 +02:00 [INF] EditorThreadHelper disposed
2025-11-05 01:59:04.248 +02:00 [INF] Initializing Coplay services
2025-11-05 01:59:04.255 +02:00 [INF] Initializing EditorThreadHelper
2025-11-05 01:59:04.255 +02:00 [INF] EditorThreadHelper initialized successfully
2025-11-05 01:59:04.279 +02:00 [INF] Enabling console error detection
2025-11-05 01:59:04.286 +02:00 [INF] ConsoleDebugButtonService initializing
2025-11-05 01:59:04.289 +02:00 [INF] ConsoleDebugButtonService initialized
2025-11-05 01:59:05.809 +02:00 [INF] Coplay container created
2025-11-05 01:59:05.815 +02:00 [INF] Debug button created, initial visibility: hidden
2025-11-05 01:59:05.816 +02:00 [INF] Copy button created
2025-11-05 01:59:05.816 +02:00 [INF] Debug With AI button successfully injected into console
2025-11-05 01:59:05.816 +02:00 [INF] Subscribed to error detection
2025-11-05 01:59:05.847 +02:00 [INF] No startup errors found after delayed check
2025-11-05 02:06:05.765 +02:00 [DBG] Compilation finished, refreshing error state
2025-11-05 02:06:05.801 +02:00 [INF] Deinitializing Coplay services
2025-11-05 02:06:05.802 +02:00 [INF] ConsoleDebugButtonService disposing
2025-11-05 02:06:05.803 +02:00 [INF] Unsubscribed from error detection
2025-11-05 02:06:05.806 +02:00 [INF] EditorThreadHelper disposed
2025-11-05 02:06:08.657 +02:00 [INF] Initializing Coplay services
2025-11-05 02:06:08.665 +02:00 [INF] Initializing EditorThreadHelper
2025-11-05 02:06:08.665 +02:00 [INF] EditorThreadHelper initialized successfully
2025-11-05 02:06:08.678 +02:00 [INF] Enabling console error detection
2025-11-05 02:06:08.686 +02:00 [INF] ConsoleDebugButtonService initializing
2025-11-05 02:06:08.690 +02:00 [INF] ConsoleDebugButtonService initialized
2025-11-05 02:06:10.173 +02:00 [INF] Coplay container created
2025-11-05 02:06:10.180 +02:00 [INF] Debug button created, initial visibility: hidden
2025-11-05 02:06:10.180 +02:00 [INF] Copy button created
2025-11-05 02:06:10.181 +02:00 [INF] Debug With AI button successfully injected into console
2025-11-05 02:06:10.181 +02:00 [INF] Subscribed to error detection
2025-11-05 02:06:10.241 +02:00 [INF] No startup errors found after delayed check
2025-11-05 02:54:54.466 +02:00 [DBG] Compilation finished, refreshing error state
2025-11-05 03:57:48.518 +02:00 [DBG] Compilation finished, refreshing error state
2025-11-05 04:23:07.206 +02:00 [DBG] Compilation finished, refreshing error state
2025-11-05 04:33:32.086 +02:00 [DBG] Compilation finished, refreshing error state
2025-11-05 04:47:31.351 +02:00 [DBG] Compilation finished, refreshing error state
2025-11-05 04:48:17.435 +02:00 [DBG] Compilation finished, refreshing error state
2025-11-05 04:50:37.739 +02:00 [DBG] Compilation finished, refreshing error state
2025-11-05 04:53:09.044 +02:00 [DBG] Compilation finished, refreshing error state
2025-11-05 04:53:24.809 +02:00 [DBG] Compilation finished, refreshing error state
2025-11-05 04:56:34.168 +02:00 [DBG] Compilation finished, refreshing error state
2025-11-05 04:58:39.645 +02:00 [DBG] Compilation finished, refreshing error state
2025-11-05 04:58:52.900 +02:00 [DBG] Compilation finished, refreshing error state
2025-11-05 05:22:06.886 +02:00 [DBG] Compilation finished, refreshing error state
2025-11-05 05:25:18.077 +02:00 [DBG] Compilation finished, refreshing error state
2025-11-05 21:46:20.344 +02:00 [INF] Initializing Coplay services
2025-11-05 21:46:20.352 +02:00 [INF] Initializing EditorThreadHelper
2025-11-05 21:46:20.352 +02:00 [INF] EditorThreadHelper initialized successfully
2025-11-05 21:46:20.363 +02:00 [INF] Enabling console error detection
2025-11-05 21:46:20.370 +02:00 [INF] ConsoleDebugButtonService initializing
2025-11-05 21:46:20.373 +02:00 [INF] ConsoleDebugButtonService initialized
2025-11-05 21:46:30.620 +02:00 [INF] Coplay container created
2025-11-05 21:46:30.642 +02:00 [INF] Debug button created, initial visibility: visible
2025-11-05 21:46:30.649 +02:00 [INF] Copy button created
2025-11-05 21:46:30.650 +02:00 [INF] Debug With AI button successfully injected into console
2025-11-05 21:46:30.650 +02:00 [INF] Subscribed to error detection
2025-11-05 21:46:30.736 +02:00 [INF] Found 20 startup errors via direct console query - caching for downstream use
2025-11-05 21:54:46.382 +02:00 [DBG] Compilation finished, refreshing error state
2025-11-05 23:26:40.756 +02:00 [INF] Initializing Coplay services
2025-11-05 23:26:40.768 +02:00 [INF] Initializing EditorThreadHelper
2025-11-05 23:26:40.768 +02:00 [INF] EditorThreadHelper initialized successfully
2025-11-05 23:26:40.785 +02:00 [INF] Enabling console error detection
2025-11-05 23:26:40.801 +02:00 [INF] ConsoleDebugButtonService initializing
2025-11-05 23:26:40.807 +02:00 [INF] ConsoleDebugButtonService initialized
2025-11-05 23:27:01.109 +02:00 [INF] Coplay container created
2025-11-05 23:27:01.132 +02:00 [INF] Debug button created, initial visibility: visible
2025-11-05 23:27:01.139 +02:00 [INF] Copy button created
2025-11-05 23:27:01.139 +02:00 [INF] Debug With AI button successfully injected into console
2025-11-05 23:27:01.141 +02:00 [INF] Subscribed to error detection
2025-11-05 23:27:02.794 +02:00 [INF] Found 33 startup errors via direct console query - caching for downstream use
2025-11-05 23:28:26.327 +02:00 [DBG] Compilation finished, refreshing error state
2025-11-05 23:28:26.370 +02:00 [INF] Deinitializing Coplay services
2025-11-05 23:28:26.371 +02:00 [INF] ConsoleDebugButtonService disposing
2025-11-05 23:28:26.373 +02:00 [INF] Unsubscribed from error detection
2025-11-05 23:28:26.374 +02:00 [INF] EditorThreadHelper disposed
2025-11-05 23:28:29.416 +02:00 [INF] Initializing Coplay services
2025-11-05 23:28:29.422 +02:00 [INF] Initializing EditorThreadHelper
2025-11-05 23:28:29.422 +02:00 [INF] EditorThreadHelper initialized successfully
2025-11-05 23:28:29.436 +02:00 [INF] Enabling console error detection
2025-11-05 23:28:29.445 +02:00 [INF] ConsoleDebugButtonService initializing
2025-11-05 23:28:29.448 +02:00 [INF] ConsoleDebugButtonService initialized
2025-11-05 23:28:32.200 +02:00 [INF] Coplay container created
2025-11-05 23:28:32.208 +02:00 [INF] Debug button created, initial visibility: visible
2025-11-05 23:28:32.209 +02:00 [INF] Copy button created
2025-11-05 23:28:32.209 +02:00 [INF] Debug With AI button successfully injected into console
2025-11-05 23:28:32.209 +02:00 [INF] Subscribed to error detection
2025-11-05 23:28:32.282 +02:00 [INF] Found 32 startup errors via direct console query - caching for downstream use
2025-11-05 23:35:07.501 +02:00 [DBG] Compilation finished, refreshing error state
2025-11-05 23:35:56.089 +02:00 [DBG] Compilation finished, refreshing error state
2025-11-05 23:36:38.930 +02:00 [DBG] Compilation finished, refreshing error state
2025-11-05 23:36:38.969 +02:00 [INF] Deinitializing Coplay services
2025-11-05 23:36:38.970 +02:00 [INF] ConsoleDebugButtonService disposing
2025-11-05 23:36:38.972 +02:00 [INF] Unsubscribed from error detection
2025-11-05 23:36:38.974 +02:00 [INF] EditorThreadHelper disposed
2025-11-05 23:36:41.965 +02:00 [INF] Initializing Coplay services
2025-11-05 23:36:41.971 +02:00 [INF] Initializing EditorThreadHelper
2025-11-05 23:36:41.971 +02:00 [INF] EditorThreadHelper initialized successfully
2025-11-05 23:36:41.984 +02:00 [INF] Enabling console error detection
2025-11-05 23:36:41.992 +02:00 [INF] ConsoleDebugButtonService initializing
2025-11-05 23:36:41.996 +02:00 [INF] ConsoleDebugButtonService initialized
2025-11-05 23:36:44.755 +02:00 [INF] Coplay container created
2025-11-05 23:36:44.764 +02:00 [INF] Debug button created, initial visibility: visible
2025-11-05 23:36:44.764 +02:00 [INF] Copy button created
2025-11-05 23:36:44.764 +02:00 [INF] Debug With AI button successfully injected into console
2025-11-05 23:36:44.765 +02:00 [INF] Subscribed to error detection
2025-11-05 23:36:44.834 +02:00 [INF] Found 31 startup errors via direct console query - caching for downstream use
2025-11-05 23:42:00.291 +02:00 [DBG] Compilation finished, refreshing error state
2025-11-05 23:42:00.327 +02:00 [INF] Deinitializing Coplay services
2025-11-05 23:42:00.327 +02:00 [INF] ConsoleDebugButtonService disposing
2025-11-05 23:42:00.329 +02:00 [INF] Unsubscribed from error detection
2025-11-05 23:42:00.331 +02:00 [INF] EditorThreadHelper disposed
2025-11-05 23:42:03.351 +02:00 [INF] Initializing Coplay services
2025-11-05 23:42:03.358 +02:00 [INF] Initializing EditorThreadHelper
2025-11-05 23:42:03.358 +02:00 [INF] EditorThreadHelper initialized successfully
2025-11-05 23:42:03.372 +02:00 [INF] Enabling console error detection
2025-11-05 23:42:03.379 +02:00 [INF] ConsoleDebugButtonService initializing
2025-11-05 23:42:03.383 +02:00 [INF] ConsoleDebugButtonService initialized
2025-11-05 23:42:06.093 +02:00 [INF] Coplay container created
2025-11-05 23:42:06.100 +02:00 [INF] Debug button created, initial visibility: visible
2025-11-05 23:42:06.100 +02:00 [INF] Copy button created
2025-11-05 23:42:06.101 +02:00 [INF] Debug With AI button successfully injected into console
2025-11-05 23:42:06.101 +02:00 [INF] Subscribed to error detection
2025-11-05 23:42:06.135 +02:00 [INF] Found 1 startup errors via direct console query - caching for downstream use
2025-11-05 23:44:37.302 +02:00 [DBG] Compilation finished, refreshing error state
2025-11-05 23:44:37.335 +02:00 [INF] Deinitializing Coplay services
2025-11-05 23:44:37.335 +02:00 [INF] ConsoleDebugButtonService disposing
2025-11-05 23:44:37.337 +02:00 [INF] Unsubscribed from error detection
2025-11-05 23:44:37.340 +02:00 [INF] EditorThreadHelper disposed
2025-11-05 23:44:40.151 +02:00 [INF] Initializing Coplay services
2025-11-05 23:44:40.157 +02:00 [INF] Initializing EditorThreadHelper
2025-11-05 23:44:40.157 +02:00 [INF] EditorThreadHelper initialized successfully
2025-11-05 23:44:40.170 +02:00 [INF] Enabling console error detection
2025-11-05 23:44:40.175 +02:00 [INF] ConsoleDebugButtonService initializing
2025-11-05 23:44:40.178 +02:00 [INF] ConsoleDebugButtonService initialized
2025-11-05 23:44:42.842 +02:00 [INF] Coplay container created
2025-11-05 23:44:42.849 +02:00 [INF] Debug button created, initial visibility: hidden
2025-11-05 23:44:42.850 +02:00 [INF] Copy button created
2025-11-05 23:44:42.850 +02:00 [INF] Debug With AI button successfully injected into console
2025-11-05 23:44:42.851 +02:00 [INF] Subscribed to error detection
2025-11-05 23:44:42.884 +02:00 [INF] No startup errors found after delayed check
2025-11-05 23:45:07.556 +02:00 [INF] Deinitializing Coplay services
2025-11-05 23:45:07.557 +02:00 [INF] ConsoleDebugButtonService disposing
2025-11-05 23:45:07.558 +02:00 [INF] Unsubscribed from error detection
2025-11-05 23:45:07.561 +02:00 [INF] EditorThreadHelper disposed
2025-11-05 23:45:09.885 +02:00 [INF] Initializing Coplay services
2025-11-05 23:45:09.891 +02:00 [INF] Initializing EditorThreadHelper
2025-11-05 23:45:09.891 +02:00 [INF] EditorThreadHelper initialized successfully
2025-11-05 23:45:09.906 +02:00 [INF] Enabling console error detection
2025-11-05 23:45:09.912 +02:00 [INF] ConsoleDebugButtonService initializing
2025-11-05 23:45:09.916 +02:00 [INF] ConsoleDebugButtonService initialized
2025-11-05 23:45:14.384 +02:00 [INF] Coplay container created
2025-11-05 23:45:14.385 +02:00 [INF] Debug button created, initial visibility: visible
2025-11-05 23:45:14.385 +02:00 [INF] Copy button created
2025-11-05 23:45:14.385 +02:00 [INF] Debug With AI button successfully injected into console
2025-11-05 23:45:14.386 +02:00 [INF] Subscribed to error detection
2025-11-05 23:45:14.415 +02:00 [INF] Found 1 startup errors via direct console query - caching for downstream use
2025-11-05 23:46:57.407 +02:00 [DBG] Compilation finished, refreshing error state
2025-11-05 23:46:57.442 +02:00 [INF] Deinitializing Coplay services
2025-11-05 23:46:57.442 +02:00 [INF] ConsoleDebugButtonService disposing
2025-11-05 23:46:57.445 +02:00 [INF] Unsubscribed from error detection
2025-11-05 23:46:57.446 +02:00 [INF] EditorThreadHelper disposed
2025-11-05 23:47:00.322 +02:00 [INF] Initializing Coplay services
2025-11-05 23:47:00.329 +02:00 [INF] Initializing EditorThreadHelper
2025-11-05 23:47:00.329 +02:00 [INF] EditorThreadHelper initialized successfully
2025-11-05 23:47:00.342 +02:00 [INF] Enabling console error detection
2025-11-05 23:47:00.349 +02:00 [INF] ConsoleDebugButtonService initializing
2025-11-05 23:47:00.353 +02:00 [INF] ConsoleDebugButtonService initialized
2025-11-05 23:47:03.139 +02:00 [INF] Coplay container created
2025-11-05 23:47:03.147 +02:00 [INF] Debug button created, initial visibility: hidden
2025-11-05 23:47:03.147 +02:00 [INF] Copy button created
2025-11-05 23:47:03.147 +02:00 [INF] Debug With AI button successfully injected into console
2025-11-05 23:47:03.147 +02:00 [INF] Subscribed to error detection
2025-11-05 23:47:03.216 +02:00 [INF] No startup errors found after delayed check
2025-11-05 23:49:19.351 +02:00 [DBG] Compilation finished, refreshing error state
2025-11-05 23:49:19.391 +02:00 [INF] Deinitializing Coplay services
2025-11-05 23:49:19.392 +02:00 [INF] ConsoleDebugButtonService disposing
2025-11-05 23:49:19.393 +02:00 [INF] Unsubscribed from error detection
2025-11-05 23:49:19.395 +02:00 [INF] EditorThreadHelper disposed
2025-11-05 23:49:22.443 +02:00 [INF] Initializing Coplay services
2025-11-05 23:49:22.450 +02:00 [INF] Initializing EditorThreadHelper
2025-11-05 23:49:22.450 +02:00 [INF] EditorThreadHelper initialized successfully
2025-11-05 23:49:22.463 +02:00 [INF] Enabling console error detection
2025-11-05 23:49:22.469 +02:00 [INF] ConsoleDebugButtonService initializing
2025-11-05 23:49:22.472 +02:00 [INF] ConsoleDebugButtonService initialized
2025-11-05 23:49:25.343 +02:00 [INF] Coplay container created
2025-11-05 23:49:25.350 +02:00 [INF] Debug button created, initial visibility: hidden
2025-11-05 23:49:25.350 +02:00 [INF] Copy button created
2025-11-05 23:49:25.350 +02:00 [INF] Debug With AI button successfully injected into console
2025-11-05 23:49:25.350 +02:00 [INF] Subscribed to error detection
2025-11-05 23:49:25.415 +02:00 [INF] No startup errors found after delayed check
2025-11-05 23:56:23.132 +02:00 [DBG] Compilation finished, refreshing error state
2025-11-05 23:56:23.300 +02:00 [INF] Deinitializing Coplay services
2025-11-05 23:56:23.300 +02:00 [INF] ConsoleDebugButtonService disposing
2025-11-05 23:56:23.303 +02:00 [INF] Unsubscribed from error detection
2025-11-05 23:56:23.305 +02:00 [INF] EditorThreadHelper disposed
2025-11-05 23:56:26.385 +02:00 [INF] Initializing Coplay services
2025-11-05 23:56:26.392 +02:00 [INF] Initializing EditorThreadHelper
2025-11-05 23:56:26.392 +02:00 [INF] EditorThreadHelper initialized successfully
2025-11-05 23:56:26.405 +02:00 [INF] Enabling console error detection
2025-11-05 23:56:26.411 +02:00 [INF] ConsoleDebugButtonService initializing
2025-11-05 23:56:26.415 +02:00 [INF] ConsoleDebugButtonService initialized
2025-11-05 23:56:29.364 +02:00 [INF] Coplay container created
2025-11-05 23:56:29.372 +02:00 [INF] Debug button created, initial visibility: hidden
2025-11-05 23:56:29.372 +02:00 [INF] Copy button created
2025-11-05 23:56:29.372 +02:00 [INF] Debug With AI button successfully injected into console
2025-11-05 23:56:29.373 +02:00 [INF] Subscribed to error detection
2025-11-05 23:56:29.440 +02:00 [INF] No startup errors found after delayed check
