2025-11-10 02:26:31.040 +02:00 [INF] Initializing Coplay services
2025-11-10 02:26:31.051 +02:00 [INF] Initializing EditorThreadHelper
2025-11-10 02:26:31.051 +02:00 [INF] EditorThreadHelper initialized successfully
2025-11-10 02:26:31.066 +02:00 [INF] Enabling console error detection
2025-11-10 02:26:31.081 +02:00 [INF] ConsoleDebugButtonService initializing
2025-11-10 02:26:31.086 +02:00 [INF] ConsoleDebugButtonService initialized
2025-11-10 02:26:37.376 +02:00 [INF] Coplay container created
2025-11-10 02:26:37.388 +02:00 [INF] Debug button created, initial visibility: visible
2025-11-10 02:26:37.393 +02:00 [INF] Copy button created
2025-11-10 02:26:37.393 +02:00 [INF] Debug With AI button successfully injected into console
2025-11-10 02:26:37.394 +02:00 [INF] Subscribed to error detection
2025-11-10 02:26:37.499 +02:00 [INF] Found 50 startup errors via direct console query - caching for downstream use
2025-11-10 02:29:27.592 +02:00 [DBG] Compilation finished, refreshing error state
2025-11-10 02:31:56.386 +02:00 [INF] Initializing Coplay services
2025-11-10 02:31:56.402 +02:00 [INF] Initializing EditorThreadHelper
2025-11-10 02:31:56.402 +02:00 [INF] EditorThreadHelper initialized successfully
2025-11-10 02:31:56.422 +02:00 [INF] Enabling console error detection
2025-11-10 02:31:56.432 +02:00 [INF] ConsoleDebugButtonService initializing
2025-11-10 02:31:56.438 +02:00 [INF] ConsoleDebugButtonService initialized
2025-11-10 02:32:24.541 +02:00 [INF] Coplay container created
2025-11-10 02:32:24.543 +02:00 [INF] Debug button created, initial visibility: visible
2025-11-10 02:32:24.543 +02:00 [INF] Copy button created
2025-11-10 02:32:24.543 +02:00 [INF] Debug With AI button successfully injected into console
2025-11-10 02:32:24.544 +02:00 [INF] Subscribed to error detection
2025-11-10 02:32:24.735 +02:00 [INF] Found 6 startup errors via direct console query - caching for downstream use
2025-11-10 02:33:27.872 +02:00 [DBG] Compilation finished, refreshing error state
2025-11-10 02:38:21.321 +02:00 [INF] Initializing Coplay services
2025-11-10 02:38:21.328 +02:00 [INF] Initializing EditorThreadHelper
2025-11-10 02:38:21.328 +02:00 [INF] EditorThreadHelper initialized successfully
2025-11-10 02:38:21.338 +02:00 [INF] Enabling console error detection
2025-11-10 02:38:21.346 +02:00 [INF] ConsoleDebugButtonService initializing
2025-11-10 02:38:21.349 +02:00 [INF] ConsoleDebugButtonService initialized
2025-11-10 02:38:57.428 +02:00 [INF] Coplay container created
2025-11-10 02:38:57.430 +02:00 [INF] Debug button created, initial visibility: visible
2025-11-10 02:38:57.430 +02:00 [INF] Copy button created
2025-11-10 02:38:57.430 +02:00 [INF] Debug With AI button successfully injected into console
2025-11-10 02:38:57.431 +02:00 [INF] Subscribed to error detection
2025-11-10 02:38:57.654 +02:00 [INF] Found 97 startup errors via direct console query - caching for downstream use
2025-11-10 02:42:29.279 +02:00 [DBG] Compilation finished, refreshing error state
2025-11-10 02:45:07.620 +02:00 [INF] Initializing Coplay services
2025-11-10 02:45:07.626 +02:00 [INF] Initializing EditorThreadHelper
2025-11-10 02:45:07.626 +02:00 [INF] EditorThreadHelper initialized successfully
2025-11-10 02:45:07.638 +02:00 [INF] Enabling console error detection
2025-11-10 02:45:07.645 +02:00 [INF] ConsoleDebugButtonService initializing
2025-11-10 02:45:07.648 +02:00 [INF] ConsoleDebugButtonService initialized
2025-11-10 02:45:35.937 +02:00 [INF] Coplay container created
2025-11-10 02:45:35.939 +02:00 [INF] Debug button created, initial visibility: visible
2025-11-10 02:45:35.939 +02:00 [INF] Copy button created
2025-11-10 02:45:35.939 +02:00 [INF] Debug With AI button successfully injected into console
2025-11-10 02:45:35.940 +02:00 [INF] Subscribed to error detection
2025-11-10 02:45:36.170 +02:00 [INF] Found 9 startup errors via direct console query - caching for downstream use
2025-11-10 02:47:37.666 +02:00 [DBG] Compilation finished, refreshing error state
2025-11-10 02:56:19.746 +02:00 [INF] Initializing Coplay services
2025-11-10 02:56:19.752 +02:00 [INF] Initializing EditorThreadHelper
2025-11-10 02:56:19.752 +02:00 [INF] EditorThreadHelper initialized successfully
2025-11-10 02:56:19.764 +02:00 [INF] Enabling console error detection
2025-11-10 02:56:19.772 +02:00 [INF] ConsoleDebugButtonService initializing
2025-11-10 02:56:19.775 +02:00 [INF] ConsoleDebugButtonService initialized
2025-11-10 02:56:56.586 +02:00 [INF] Coplay container created
2025-11-10 02:56:56.588 +02:00 [INF] Debug button created, initial visibility: visible
2025-11-10 02:56:56.588 +02:00 [INF] Copy button created
2025-11-10 02:56:56.588 +02:00 [INF] Debug With AI button successfully injected into console
2025-11-10 02:56:56.589 +02:00 [INF] Subscribed to error detection
2025-11-10 02:56:56.800 +02:00 [INF] Found 8 startup errors via direct console query - caching for downstream use
2025-11-10 05:51:35.939 +02:00 [DBG] Compilation finished, refreshing error state
2025-11-10 21:33:57.705 +02:00 [INF] Initializing Coplay services
2025-11-10 21:33:57.717 +02:00 [INF] Initializing EditorThreadHelper
2025-11-10 21:33:57.717 +02:00 [INF] EditorThreadHelper initialized successfully
2025-11-10 21:33:57.749 +02:00 [INF] Enabling console error detection
2025-11-10 21:33:57.790 +02:00 [INF] ConsoleDebugButtonService initializing
2025-11-10 21:33:57.795 +02:00 [INF] ConsoleDebugButtonService initialized
2025-11-10 21:34:03.935 +02:00 [INF] Coplay container created
2025-11-10 21:34:03.951 +02:00 [INF] Debug button created, initial visibility: visible
2025-11-10 21:34:03.958 +02:00 [INF] Copy button created
2025-11-10 21:34:03.958 +02:00 [INF] Debug With AI button successfully injected into console
2025-11-10 21:34:03.958 +02:00 [INF] Subscribed to error detection
2025-11-10 21:34:04.643 +02:00 [INF] Found 16 startup errors via direct console query - caching for downstream use
2025-11-10 21:41:37.066 +02:00 [INF] Initializing Coplay services
2025-11-10 21:41:37.072 +02:00 [INF] Initializing EditorThreadHelper
2025-11-10 21:41:37.072 +02:00 [INF] EditorThreadHelper initialized successfully
2025-11-10 21:41:37.086 +02:00 [INF] Enabling console error detection
2025-11-10 21:41:37.093 +02:00 [INF] ConsoleDebugButtonService initializing
2025-11-10 21:41:37.096 +02:00 [INF] ConsoleDebugButtonService initialized
2025-11-10 21:42:03.076 +02:00 [INF] Coplay container created
2025-11-10 21:42:03.078 +02:00 [INF] Debug button created, initial visibility: visible
2025-11-10 21:42:03.078 +02:00 [INF] Copy button created
2025-11-10 21:42:03.078 +02:00 [INF] Debug With AI button successfully injected into console
2025-11-10 21:42:03.078 +02:00 [INF] Subscribed to error detection
2025-11-10 21:42:03.285 +02:00 [INF] Found 16 startup errors via direct console query - caching for downstream use
2025-11-10 22:31:11.773 +02:00 [DBG] Compilation finished, refreshing error state
2025-11-10 22:31:11.825 +02:00 [INF] Deinitializing Coplay services
2025-11-10 22:31:11.825 +02:00 [INF] ConsoleDebugButtonService disposing
2025-11-10 22:31:11.831 +02:00 [INF] Unsubscribed from error detection
2025-11-10 22:31:11.834 +02:00 [INF] EditorThreadHelper disposed
2025-11-10 22:31:15.352 +02:00 [INF] Initializing Coplay services
2025-11-10 22:31:15.359 +02:00 [INF] Initializing EditorThreadHelper
2025-11-10 22:31:15.359 +02:00 [INF] EditorThreadHelper initialized successfully
2025-11-10 22:31:15.370 +02:00 [INF] Enabling console error detection
2025-11-10 22:31:15.377 +02:00 [INF] ConsoleDebugButtonService initializing
2025-11-10 22:31:15.380 +02:00 [INF] ConsoleDebugButtonService initialized
2025-11-10 22:31:16.710 +02:00 [INF] Coplay container created
2025-11-10 22:31:16.718 +02:00 [INF] Debug button created, initial visibility: hidden
2025-11-10 22:31:16.719 +02:00 [INF] Copy button created
2025-11-10 22:31:16.719 +02:00 [INF] Debug With AI button successfully injected into console
2025-11-10 22:31:16.720 +02:00 [INF] Subscribed to error detection
2025-11-10 22:31:17.195 +02:00 [INF] No startup errors found after delayed check
2025-11-10 22:54:13.428 +02:00 [DBG] Compilation finished, refreshing error state
2025-11-10 23:16:10.008 +02:00 [DBG] Compilation finished, refreshing error state
2025-11-10 23:16:11.755 +02:00 [DBG] Compilation finished, refreshing error state
2025-11-10 23:17:34.549 +02:00 [DBG] Compilation finished, refreshing error state
2025-11-10 23:18:53.816 +02:00 [DBG] Compilation finished, refreshing error state
2025-11-10 23:23:29.249 +02:00 [DBG] Compilation finished, refreshing error state
2025-11-10 23:23:29.293 +02:00 [INF] Deinitializing Coplay services
2025-11-10 23:23:29.295 +02:00 [INF] ConsoleDebugButtonService disposing
2025-11-10 23:23:29.301 +02:00 [INF] Unsubscribed from error detection
2025-11-10 23:23:29.303 +02:00 [INF] EditorThreadHelper disposed
2025-11-10 23:23:40.283 +02:00 [INF] Initializing Coplay services
2025-11-10 23:23:40.290 +02:00 [INF] Initializing EditorThreadHelper
2025-11-10 23:23:40.291 +02:00 [INF] EditorThreadHelper initialized successfully
2025-11-10 23:23:40.302 +02:00 [INF] Enabling console error detection
2025-11-10 23:23:40.310 +02:00 [INF] ConsoleDebugButtonService initializing
2025-11-10 23:23:40.315 +02:00 [INF] ConsoleDebugButtonService initialized
2025-11-10 23:23:41.712 +02:00 [INF] Coplay container created
2025-11-10 23:23:41.719 +02:00 [INF] Debug button created, initial visibility: visible
2025-11-10 23:23:41.720 +02:00 [INF] Copy button created
2025-11-10 23:23:41.720 +02:00 [INF] Debug With AI button successfully injected into console
2025-11-10 23:23:41.721 +02:00 [INF] Subscribed to error detection
2025-11-10 23:23:42.159 +02:00 [INF] Found 2 startup errors via direct console query - caching for downstream use
2025-11-10 23:31:49.680 +02:00 [DBG] Compilation finished, refreshing error state
2025-11-10 23:31:49.718 +02:00 [INF] Deinitializing Coplay services
2025-11-10 23:31:49.719 +02:00 [INF] ConsoleDebugButtonService disposing
2025-11-10 23:31:49.720 +02:00 [INF] Unsubscribed from error detection
2025-11-10 23:31:49.723 +02:00 [INF] EditorThreadHelper disposed
2025-11-10 23:31:53.154 +02:00 [INF] Initializing Coplay services
2025-11-10 23:31:53.161 +02:00 [INF] Initializing EditorThreadHelper
2025-11-10 23:31:53.161 +02:00 [INF] EditorThreadHelper initialized successfully
2025-11-10 23:31:53.172 +02:00 [INF] Enabling console error detection
2025-11-10 23:31:53.180 +02:00 [INF] ConsoleDebugButtonService initializing
2025-11-10 23:31:53.184 +02:00 [INF] ConsoleDebugButtonService initialized
2025-11-10 23:31:54.421 +02:00 [INF] Coplay container created
2025-11-10 23:31:54.430 +02:00 [INF] Debug button created, initial visibility: visible
2025-11-10 23:31:54.430 +02:00 [INF] Copy button created
2025-11-10 23:31:54.430 +02:00 [INF] Debug With AI button successfully injected into console
2025-11-10 23:31:54.431 +02:00 [INF] Subscribed to error detection
2025-11-10 23:31:54.628 +02:00 [INF] Found 2 startup errors via direct console query - caching for downstream use
2025-11-10 23:44:32.993 +02:00 [DBG] Compilation finished, refreshing error state
2025-11-10 23:44:37.056 +02:00 [DBG] Compilation finished, refreshing error state
2025-11-10 23:46:17.296 +02:00 [INF] Initializing Coplay services
2025-11-10 23:46:17.483 +02:00 [INF] Initializing EditorThreadHelper
2025-11-10 23:46:17.483 +02:00 [INF] EditorThreadHelper initialized successfully
2025-11-10 23:46:17.500 +02:00 [INF] Enabling console error detection
2025-11-10 23:46:17.512 +02:00 [INF] ConsoleDebugButtonService initializing
2025-11-10 23:46:17.518 +02:00 [INF] ConsoleDebugButtonService initialized
2025-11-10 23:46:48.354 +02:00 [INF] Coplay container created
2025-11-10 23:46:48.355 +02:00 [INF] Debug button created, initial visibility: visible
2025-11-10 23:46:48.356 +02:00 [INF] Copy button created
2025-11-10 23:46:48.356 +02:00 [INF] Debug With AI button successfully injected into console
2025-11-10 23:46:48.357 +02:00 [INF] Subscribed to error detection
2025-11-10 23:46:48.538 +02:00 [INF] Found 1 startup errors via direct console query - caching for downstream use
2025-11-10 23:50:38.960 +02:00 [DBG] Compilation finished, refreshing error state
2025-11-10 23:50:39.000 +02:00 [INF] Deinitializing Coplay services
2025-11-10 23:50:39.002 +02:00 [INF] ConsoleDebugButtonService disposing
2025-11-10 23:50:39.003 +02:00 [INF] Unsubscribed from error detection
2025-11-10 23:50:39.004 +02:00 [INF] EditorThreadHelper disposed
2025-11-10 23:50:43.327 +02:00 [INF] Initializing Coplay services
2025-11-10 23:50:43.334 +02:00 [INF] Initializing EditorThreadHelper
2025-11-10 23:50:43.334 +02:00 [INF] EditorThreadHelper initialized successfully
2025-11-10 23:50:43.345 +02:00 [INF] Enabling console error detection
2025-11-10 23:50:43.352 +02:00 [INF] ConsoleDebugButtonService initializing
2025-11-10 23:50:43.355 +02:00 [INF] ConsoleDebugButtonService initialized
2025-11-10 23:50:45.721 +02:00 [INF] Coplay container created
2025-11-10 23:50:45.729 +02:00 [INF] Debug button created, initial visibility: hidden
2025-11-10 23:50:45.729 +02:00 [INF] Copy button created
2025-11-10 23:50:45.729 +02:00 [INF] Debug With AI button successfully injected into console
2025-11-10 23:50:45.730 +02:00 [INF] Subscribed to error detection
2025-11-10 23:50:46.042 +02:00 [INF] No startup errors found after delayed check
