2025-11-11 00:18:38.519 +02:00 [DBG] Compilation finished, refreshing error state
2025-11-11 00:21:58.897 +02:00 [DBG] Compilation finished, refreshing error state
2025-11-11 00:24:20.315 +02:00 [DBG] Compilation finished, refreshing error state
2025-11-11 00:24:38.609 +02:00 [DBG] Compilation finished, refreshing error state
2025-11-11 00:34:05.584 +02:00 [DBG] Compilation finished, refreshing error state
2025-11-11 00:36:16.433 +02:00 [DBG] Compilation finished, refreshing error state
2025-11-11 00:38:27.871 +02:00 [DBG] Compilation finished, refreshing error state
2025-11-11 00:39:15.496 +02:00 [DBG] Compilation finished, refreshing error state
2025-11-11 00:39:56.703 +02:00 [DBG] Compilation finished, refreshing error state
2025-11-11 00:41:20.107 +02:00 [DBG] Compilation finished, refreshing error state
2025-11-11 00:42:39.056 +02:00 [DBG] Compilation finished, refreshing error state
2025-11-11 00:42:39.095 +02:00 [INF] Deinitializing Coplay services
2025-11-11 00:42:39.095 +02:00 [INF] ConsoleDebugButtonService disposing
2025-11-11 00:42:39.102 +02:00 [INF] Unsubscribed from error detection
2025-11-11 00:42:39.105 +02:00 [INF] EditorThreadHelper disposed
2025-11-11 00:42:42.845 +02:00 [INF] Initializing Coplay services
2025-11-11 00:42:42.851 +02:00 [INF] Initializing EditorThreadHelper
2025-11-11 00:42:42.851 +02:00 [INF] EditorThreadHelper initialized successfully
2025-11-11 00:42:42.862 +02:00 [INF] Enabling console error detection
2025-11-11 00:42:42.869 +02:00 [INF] ConsoleDebugButtonService initializing
2025-11-11 00:42:42.873 +02:00 [INF] ConsoleDebugButtonService initialized
2025-11-11 00:42:44.107 +02:00 [INF] Coplay container created
2025-11-11 00:42:44.114 +02:00 [INF] Debug button created, initial visibility: hidden
2025-11-11 00:42:44.114 +02:00 [INF] Copy button created
2025-11-11 00:42:44.114 +02:00 [INF] Debug With AI button successfully injected into console
2025-11-11 00:42:44.115 +02:00 [INF] Subscribed to error detection
2025-11-11 00:42:44.349 +02:00 [INF] No startup errors found after delayed check
2025-11-11 01:01:12.220 +02:00 [DBG] Compilation finished, refreshing error state
2025-11-11 02:25:41.477 +02:00 [DBG] Compilation finished, refreshing error state
2025-11-11 03:25:30.228 +02:00 [DBG] Compilation finished, refreshing error state
2025-11-11 03:25:30.311 +02:00 [INF] Deinitializing Coplay services
2025-11-11 03:25:30.313 +02:00 [INF] ConsoleDebugButtonService disposing
2025-11-11 03:25:30.323 +02:00 [INF] Unsubscribed from error detection
2025-11-11 03:25:30.332 +02:00 [INF] EditorThreadHelper disposed
2025-11-11 03:25:34.953 +02:00 [INF] Initializing Coplay services
2025-11-11 03:25:34.962 +02:00 [INF] Initializing EditorThreadHelper
2025-11-11 03:25:34.962 +02:00 [INF] EditorThreadHelper initialized successfully
2025-11-11 03:25:34.973 +02:00 [INF] Enabling console error detection
2025-11-11 03:25:34.982 +02:00 [INF] ConsoleDebugButtonService initializing
2025-11-11 03:25:34.986 +02:00 [INF] ConsoleDebugButtonService initialized
2025-11-11 03:25:36.499 +02:00 [INF] Coplay container created
2025-11-11 03:25:36.506 +02:00 [INF] Debug button created, initial visibility: visible
2025-11-11 03:25:36.506 +02:00 [INF] Copy button created
2025-11-11 03:25:36.507 +02:00 [INF] Debug With AI button successfully injected into console
2025-11-11 03:25:36.507 +02:00 [INF] Subscribed to error detection
2025-11-11 03:31:11.840 +02:00 [INF] Found 2 startup errors via direct console query - caching for downstream use
2025-11-11 03:32:51.063 +02:00 [INF] Initializing Coplay services
2025-11-11 03:32:51.072 +02:00 [INF] Initializing EditorThreadHelper
2025-11-11 03:32:51.072 +02:00 [INF] EditorThreadHelper initialized successfully
2025-11-11 03:32:51.088 +02:00 [INF] Enabling console error detection
2025-11-11 03:32:51.096 +02:00 [INF] ConsoleDebugButtonService initializing
2025-11-11 03:32:51.101 +02:00 [INF] ConsoleDebugButtonService initialized
2025-11-11 03:32:54.965 +02:00 [INF] Coplay container created
2025-11-11 03:32:54.967 +02:00 [INF] Debug button created, initial visibility: hidden
2025-11-11 03:32:54.968 +02:00 [INF] Copy button created
2025-11-11 03:32:54.968 +02:00 [INF] Debug With AI button successfully injected into console
2025-11-11 03:32:54.969 +02:00 [INF] Subscribed to error detection
2025-11-11 03:32:55.430 +02:00 [INF] No startup errors found after delayed check
2025-11-11 04:09:02.034 +02:00 [DBG] Compilation finished, refreshing error state
2025-11-11 04:09:02.086 +02:00 [INF] Deinitializing Coplay services
2025-11-11 04:09:02.086 +02:00 [INF] ConsoleDebugButtonService disposing
2025-11-11 04:09:02.088 +02:00 [INF] Unsubscribed from error detection
2025-11-11 04:09:02.090 +02:00 [INF] EditorThreadHelper disposed
2025-11-11 04:09:04.990 +02:00 [INF] Initializing Coplay services
2025-11-11 04:09:04.997 +02:00 [INF] Initializing EditorThreadHelper
2025-11-11 04:09:04.997 +02:00 [INF] EditorThreadHelper initialized successfully
2025-11-11 04:09:05.007 +02:00 [INF] Enabling console error detection
2025-11-11 04:09:05.014 +02:00 [INF] ConsoleDebugButtonService initializing
2025-11-11 04:09:05.017 +02:00 [INF] ConsoleDebugButtonService initialized
2025-11-11 04:09:06.246 +02:00 [INF] Coplay container created
2025-11-11 04:09:06.254 +02:00 [INF] Debug button created, initial visibility: hidden
2025-11-11 04:09:06.255 +02:00 [INF] Copy button created
2025-11-11 04:09:06.255 +02:00 [INF] Debug With AI button successfully injected into console
2025-11-11 04:09:06.256 +02:00 [INF] Subscribed to error detection
2025-11-11 04:11:08.248 +02:00 [INF] No startup errors found after delayed check
2025-11-11 04:19:38.077 +02:00 [DBG] Compilation finished, refreshing error state
2025-11-11 04:19:38.127 +02:00 [INF] Deinitializing Coplay services
2025-11-11 04:19:38.128 +02:00 [INF] ConsoleDebugButtonService disposing
2025-11-11 04:19:38.130 +02:00 [INF] Unsubscribed from error detection
2025-11-11 04:19:38.134 +02:00 [INF] EditorThreadHelper disposed
2025-11-11 04:19:41.401 +02:00 [INF] Initializing Coplay services
2025-11-11 04:19:41.409 +02:00 [INF] Initializing EditorThreadHelper
2025-11-11 04:19:41.409 +02:00 [INF] EditorThreadHelper initialized successfully
2025-11-11 04:19:41.421 +02:00 [INF] Enabling console error detection
2025-11-11 04:19:41.428 +02:00 [INF] ConsoleDebugButtonService initializing
2025-11-11 04:19:41.431 +02:00 [INF] ConsoleDebugButtonService initialized
2025-11-11 04:19:42.696 +02:00 [INF] Coplay container created
2025-11-11 04:19:42.703 +02:00 [INF] Debug button created, initial visibility: hidden
2025-11-11 04:19:42.704 +02:00 [INF] Copy button created
2025-11-11 04:19:42.704 +02:00 [INF] Debug With AI button successfully injected into console
2025-11-11 04:19:42.704 +02:00 [INF] Subscribed to error detection
2025-11-11 04:19:42.948 +02:00 [INF] No startup errors found after delayed check
2025-11-11 04:37:50.523 +02:00 [DBG] Compilation finished, refreshing error state
2025-11-11 04:37:50.558 +02:00 [INF] Deinitializing Coplay services
2025-11-11 04:37:50.559 +02:00 [INF] ConsoleDebugButtonService disposing
2025-11-11 04:37:50.561 +02:00 [INF] Unsubscribed from error detection
2025-11-11 04:37:50.564 +02:00 [INF] EditorThreadHelper disposed
2025-11-11 04:37:53.795 +02:00 [INF] Initializing Coplay services
2025-11-11 04:37:53.802 +02:00 [INF] Initializing EditorThreadHelper
2025-11-11 04:37:53.802 +02:00 [INF] EditorThreadHelper initialized successfully
2025-11-11 04:37:53.814 +02:00 [INF] Enabling console error detection
2025-11-11 04:37:53.820 +02:00 [INF] ConsoleDebugButtonService initializing
2025-11-11 04:37:53.824 +02:00 [INF] ConsoleDebugButtonService initialized
2025-11-11 04:37:55.744 +02:00 [INF] Coplay container created
2025-11-11 04:37:55.752 +02:00 [INF] Debug button created, initial visibility: visible
2025-11-11 04:37:55.752 +02:00 [INF] Copy button created
2025-11-11 04:37:55.752 +02:00 [INF] Debug With AI button successfully injected into console
2025-11-11 04:37:55.753 +02:00 [INF] Subscribed to error detection
2025-11-11 04:37:55.996 +02:00 [INF] Found 1 startup errors via direct console query - caching for downstream use
2025-11-11 04:50:01.965 +02:00 [INF] Initializing Coplay services
2025-11-11 04:50:01.971 +02:00 [INF] Initializing EditorThreadHelper
2025-11-11 04:50:01.972 +02:00 [INF] EditorThreadHelper initialized successfully
2025-11-11 04:50:01.985 +02:00 [INF] Enabling console error detection
2025-11-11 04:50:01.992 +02:00 [INF] ConsoleDebugButtonService initializing
2025-11-11 04:50:01.995 +02:00 [INF] ConsoleDebugButtonService initialized
2025-11-11 04:52:33.456 +02:00 [INF] Initializing Coplay services
2025-11-11 04:52:33.463 +02:00 [INF] Initializing EditorThreadHelper
2025-11-11 04:52:33.463 +02:00 [INF] EditorThreadHelper initialized successfully
2025-11-11 04:52:33.475 +02:00 [INF] Enabling console error detection
2025-11-11 04:52:33.482 +02:00 [INF] ConsoleDebugButtonService initializing
2025-11-11 04:52:33.485 +02:00 [INF] ConsoleDebugButtonService initialized
2025-11-11 04:53:33.386 +02:00 [INF] Initializing Coplay services
2025-11-11 04:53:33.393 +02:00 [INF] Initializing EditorThreadHelper
2025-11-11 04:53:33.393 +02:00 [INF] EditorThreadHelper initialized successfully
2025-11-11 04:53:33.402 +02:00 [INF] Enabling console error detection
2025-11-11 04:53:33.409 +02:00 [INF] ConsoleDebugButtonService initializing
2025-11-11 04:53:33.413 +02:00 [INF] ConsoleDebugButtonService initialized
2025-11-11 04:54:18.291 +02:00 [INF] Initializing Coplay services
2025-11-11 04:54:18.315 +02:00 [INF] Initializing EditorThreadHelper
2025-11-11 04:54:18.315 +02:00 [INF] EditorThreadHelper initialized successfully
2025-11-11 04:54:18.325 +02:00 [INF] Enabling console error detection
2025-11-11 04:54:18.332 +02:00 [INF] ConsoleDebugButtonService initializing
2025-11-11 04:54:18.335 +02:00 [INF] ConsoleDebugButtonService initialized
2025-11-11 05:02:58.604 +02:00 [INF] Initializing Coplay services
2025-11-11 05:02:58.612 +02:00 [INF] Initializing EditorThreadHelper
2025-11-11 05:02:58.612 +02:00 [INF] EditorThreadHelper initialized successfully
2025-11-11 05:02:58.623 +02:00 [INF] Enabling console error detection
2025-11-11 05:02:58.630 +02:00 [INF] ConsoleDebugButtonService initializing
2025-11-11 05:02:58.633 +02:00 [INF] ConsoleDebugButtonService initialized
2025-11-11 05:03:02.471 +02:00 [INF] Coplay container created
2025-11-11 05:03:02.485 +02:00 [INF] Debug button created, initial visibility: visible
2025-11-11 05:03:02.493 +02:00 [INF] Copy button created
2025-11-11 05:03:02.493 +02:00 [INF] Debug With AI button successfully injected into console
2025-11-11 05:03:02.493 +02:00 [INF] Subscribed to error detection
2025-11-11 05:05:02.680 +02:00 [DBG] Compilation finished, refreshing error state
2025-11-11 05:05:02.742 +02:00 [INF] Deinitializing Coplay services
2025-11-11 05:05:02.742 +02:00 [INF] ConsoleDebugButtonService disposing
2025-11-11 05:05:02.743 +02:00 [INF] Unsubscribed from error detection
2025-11-11 05:05:02.746 +02:00 [INF] EditorThreadHelper disposed
2025-11-11 05:05:06.212 +02:00 [INF] Initializing Coplay services
2025-11-11 05:05:06.221 +02:00 [INF] Initializing EditorThreadHelper
2025-11-11 05:05:06.221 +02:00 [INF] EditorThreadHelper initialized successfully
2025-11-11 05:05:06.245 +02:00 [INF] Enabling console error detection
2025-11-11 05:05:06.260 +02:00 [INF] ConsoleDebugButtonService initializing
2025-11-11 05:05:06.269 +02:00 [INF] ConsoleDebugButtonService initialized
2025-11-11 05:05:08.028 +02:00 [INF] Coplay container created
2025-11-11 05:05:08.029 +02:00 [INF] Debug button created, initial visibility: visible
2025-11-11 05:05:08.031 +02:00 [INF] Copy button created
2025-11-11 05:05:08.031 +02:00 [INF] Debug With AI button successfully injected into console
2025-11-11 05:05:08.031 +02:00 [INF] Subscribed to error detection
2025-11-11 05:05:10.290 +02:00 [INF] Found 1 startup errors via direct console query - caching for downstream use
2025-11-11 05:06:14.551 +02:00 [INF] Initializing Coplay services
2025-11-11 05:06:14.558 +02:00 [INF] Initializing EditorThreadHelper
2025-11-11 05:06:14.558 +02:00 [INF] EditorThreadHelper initialized successfully
2025-11-11 05:06:14.569 +02:00 [INF] Enabling console error detection
2025-11-11 05:06:14.575 +02:00 [INF] ConsoleDebugButtonService initializing
2025-11-11 05:06:14.578 +02:00 [INF] ConsoleDebugButtonService initialized
2025-11-11 05:11:37.963 +02:00 [INF] Initializing Coplay services
2025-11-11 05:11:37.970 +02:00 [INF] Initializing EditorThreadHelper
2025-11-11 05:11:37.970 +02:00 [INF] EditorThreadHelper initialized successfully
2025-11-11 05:11:37.981 +02:00 [INF] Enabling console error detection
2025-11-11 05:11:37.988 +02:00 [INF] ConsoleDebugButtonService initializing
2025-11-11 05:11:37.991 +02:00 [INF] ConsoleDebugButtonService initialized
2025-11-11 05:11:55.350 +02:00 [INF] Initializing Coplay services
2025-11-11 05:11:55.362 +02:00 [INF] Initializing EditorThreadHelper
2025-11-11 05:11:55.362 +02:00 [INF] EditorThreadHelper initialized successfully
2025-11-11 05:11:55.377 +02:00 [INF] Enabling console error detection
2025-11-11 05:11:55.386 +02:00 [INF] ConsoleDebugButtonService initializing
2025-11-11 05:11:55.390 +02:00 [INF] ConsoleDebugButtonService initialized
2025-11-11 05:13:02.325 +02:00 [INF] Initializing Coplay services
2025-11-11 05:13:02.331 +02:00 [INF] Initializing EditorThreadHelper
2025-11-11 05:13:02.331 +02:00 [INF] EditorThreadHelper initialized successfully
2025-11-11 05:13:02.343 +02:00 [INF] Enabling console error detection
2025-11-11 05:13:02.350 +02:00 [INF] ConsoleDebugButtonService initializing
2025-11-11 05:13:02.353 +02:00 [INF] ConsoleDebugButtonService initialized
2025-11-11 05:15:54.496 +02:00 [INF] Initializing Coplay services
2025-11-11 05:15:54.503 +02:00 [INF] Initializing EditorThreadHelper
2025-11-11 05:15:54.503 +02:00 [INF] EditorThreadHelper initialized successfully
2025-11-11 05:15:54.513 +02:00 [INF] Enabling console error detection
2025-11-11 05:15:54.521 +02:00 [INF] ConsoleDebugButtonService initializing
2025-11-11 05:15:54.525 +02:00 [INF] ConsoleDebugButtonService initialized
2025-11-11 05:17:13.717 +02:00 [INF] Initializing Coplay services
2025-11-11 05:17:13.724 +02:00 [INF] Initializing EditorThreadHelper
2025-11-11 05:17:13.724 +02:00 [INF] EditorThreadHelper initialized successfully
2025-11-11 05:17:13.735 +02:00 [INF] Enabling console error detection
2025-11-11 05:17:13.741 +02:00 [INF] ConsoleDebugButtonService initializing
2025-11-11 05:17:13.744 +02:00 [INF] ConsoleDebugButtonService initialized
2025-11-11 05:27:38.770 +02:00 [INF] Initializing Coplay services
2025-11-11 05:27:38.776 +02:00 [INF] Initializing EditorThreadHelper
2025-11-11 05:27:38.776 +02:00 [INF] EditorThreadHelper initialized successfully
2025-11-11 05:27:38.786 +02:00 [INF] Enabling console error detection
2025-11-11 05:27:38.793 +02:00 [INF] ConsoleDebugButtonService initializing
2025-11-11 05:27:38.796 +02:00 [INF] ConsoleDebugButtonService initialized
2025-11-11 05:27:41.441 +02:00 [INF] Coplay container created
2025-11-11 05:27:41.442 +02:00 [INF] Debug button created, initial visibility: hidden
2025-11-11 05:27:41.443 +02:00 [INF] Copy button created
2025-11-11 05:27:41.443 +02:00 [INF] Debug With AI button successfully injected into console
2025-11-11 05:27:41.443 +02:00 [INF] Subscribed to error detection
2025-11-11 05:27:41.743 +02:00 [INF] No startup errors found after delayed check
2025-11-11 05:30:43.992 +02:00 [INF] Deinitializing Coplay services
2025-11-11 05:30:43.992 +02:00 [INF] ConsoleDebugButtonService disposing
2025-11-11 05:30:43.995 +02:00 [INF] Unsubscribed from error detection
2025-11-11 05:30:43.997 +02:00 [INF] EditorThreadHelper disposed
2025-11-11 05:31:02.857 +02:00 [INF] Initializing Coplay services
2025-11-11 05:31:02.864 +02:00 [INF] Initializing EditorThreadHelper
2025-11-11 05:31:02.864 +02:00 [INF] EditorThreadHelper initialized successfully
2025-11-11 05:31:02.882 +02:00 [INF] Enabling console error detection
2025-11-11 05:31:02.888 +02:00 [INF] ConsoleDebugButtonService initializing
2025-11-11 05:31:02.891 +02:00 [INF] ConsoleDebugButtonService initialized
2025-11-11 05:31:06.455 +02:00 [INF] Coplay container created
2025-11-11 05:31:06.455 +02:00 [INF] Debug button created, initial visibility: visible
2025-11-11 05:31:06.456 +02:00 [INF] Copy button created
2025-11-11 05:31:06.456 +02:00 [INF] Debug With AI button successfully injected into console
2025-11-11 05:31:06.457 +02:00 [INF] Subscribed to error detection
2025-11-11 05:31:06.885 +02:00 [INF] Found 9 startup errors via direct console query - caching for downstream use
2025-11-11 05:31:55.587 +02:00 [INF] Deinitializing Coplay services
2025-11-11 05:31:55.587 +02:00 [INF] ConsoleDebugButtonService disposing
2025-11-11 05:31:55.590 +02:00 [INF] Unsubscribed from error detection
2025-11-11 05:31:55.591 +02:00 [INF] EditorThreadHelper disposed
2025-11-11 05:31:58.032 +02:00 [INF] Initializing Coplay services
2025-11-11 05:31:58.038 +02:00 [INF] Initializing EditorThreadHelper
2025-11-11 05:31:58.038 +02:00 [INF] EditorThreadHelper initialized successfully
2025-11-11 05:31:58.051 +02:00 [INF] Enabling console error detection
2025-11-11 05:31:58.058 +02:00 [INF] ConsoleDebugButtonService initializing
2025-11-11 05:31:58.061 +02:00 [INF] ConsoleDebugButtonService initialized
2025-11-11 05:32:01.318 +02:00 [INF] Coplay container created
2025-11-11 05:32:01.319 +02:00 [INF] Debug button created, initial visibility: visible
2025-11-11 05:32:01.319 +02:00 [INF] Copy button created
2025-11-11 05:32:01.320 +02:00 [INF] Debug With AI button successfully injected into console
2025-11-11 05:32:01.320 +02:00 [INF] Subscribed to error detection
2025-11-11 05:32:01.991 +02:00 [INF] Found 9 startup errors via direct console query - caching for downstream use
2025-11-11 05:32:45.742 +02:00 [INF] Deinitializing Coplay services
2025-11-11 05:32:45.742 +02:00 [INF] ConsoleDebugButtonService disposing
2025-11-11 05:32:45.745 +02:00 [INF] Unsubscribed from error detection
2025-11-11 05:32:45.746 +02:00 [INF] EditorThreadHelper disposed
2025-11-11 05:32:48.150 +02:00 [INF] Initializing Coplay services
2025-11-11 05:32:48.157 +02:00 [INF] Initializing EditorThreadHelper
2025-11-11 05:32:48.157 +02:00 [INF] EditorThreadHelper initialized successfully
2025-11-11 05:32:48.169 +02:00 [INF] Enabling console error detection
2025-11-11 05:32:48.177 +02:00 [INF] ConsoleDebugButtonService initializing
2025-11-11 05:32:48.180 +02:00 [INF] ConsoleDebugButtonService initialized
2025-11-11 05:32:51.263 +02:00 [INF] Coplay container created
2025-11-11 05:32:51.263 +02:00 [INF] Debug button created, initial visibility: visible
2025-11-11 05:32:51.263 +02:00 [INF] Copy button created
2025-11-11 05:32:51.263 +02:00 [INF] Debug With AI button successfully injected into console
2025-11-11 05:32:51.264 +02:00 [INF] Subscribed to error detection
2025-11-11 05:32:51.489 +02:00 [INF] Found 9 startup errors via direct console query - caching for downstream use
2025-11-11 05:36:25.054 +02:00 [INF] Deinitializing Coplay services
2025-11-11 05:36:25.055 +02:00 [INF] ConsoleDebugButtonService disposing
2025-11-11 05:36:25.057 +02:00 [INF] Unsubscribed from error detection
2025-11-11 05:36:25.059 +02:00 [INF] EditorThreadHelper disposed
2025-11-11 05:36:27.401 +02:00 [INF] Initializing Coplay services
2025-11-11 05:36:27.408 +02:00 [INF] Initializing EditorThreadHelper
2025-11-11 05:36:27.408 +02:00 [INF] EditorThreadHelper initialized successfully
2025-11-11 05:36:27.422 +02:00 [INF] Enabling console error detection
2025-11-11 05:36:27.428 +02:00 [INF] ConsoleDebugButtonService initializing
2025-11-11 05:36:27.431 +02:00 [INF] ConsoleDebugButtonService initialized
2025-11-11 05:36:30.364 +02:00 [INF] Coplay container created
2025-11-11 05:36:30.365 +02:00 [INF] Debug button created, initial visibility: visible
2025-11-11 05:36:30.365 +02:00 [INF] Copy button created
2025-11-11 05:36:30.365 +02:00 [INF] Debug With AI button successfully injected into console
2025-11-11 05:36:30.366 +02:00 [INF] Subscribed to error detection
2025-11-11 05:36:30.590 +02:00 [INF] Found 9 startup errors via direct console query - caching for downstream use
2025-11-11 05:40:51.745 +02:00 [DBG] Compilation finished, refreshing error state
2025-11-11 05:40:51.779 +02:00 [INF] Deinitializing Coplay services
2025-11-11 05:40:51.780 +02:00 [INF] ConsoleDebugButtonService disposing
2025-11-11 05:40:51.783 +02:00 [INF] Unsubscribed from error detection
2025-11-11 05:40:51.784 +02:00 [INF] EditorThreadHelper disposed
2025-11-11 05:40:55.375 +02:00 [INF] Initializing Coplay services
2025-11-11 05:40:55.381 +02:00 [INF] Initializing EditorThreadHelper
2025-11-11 05:40:55.381 +02:00 [INF] EditorThreadHelper initialized successfully
2025-11-11 05:40:55.397 +02:00 [INF] Enabling console error detection
2025-11-11 05:40:55.404 +02:00 [INF] ConsoleDebugButtonService initializing
2025-11-11 05:40:55.407 +02:00 [INF] ConsoleDebugButtonService initialized
2025-11-11 05:40:57.459 +02:00 [INF] Coplay container created
2025-11-11 05:40:57.460 +02:00 [INF] Debug button created, initial visibility: hidden
2025-11-11 05:40:57.461 +02:00 [INF] Copy button created
2025-11-11 05:40:57.461 +02:00 [INF] Debug With AI button successfully injected into console
2025-11-11 05:40:57.461 +02:00 [INF] Subscribed to error detection
2025-11-11 05:40:57.757 +02:00 [INF] No startup errors found after delayed check
2025-11-11 05:41:01.316 +02:00 [INF] Deinitializing Coplay services
2025-11-11 05:41:01.317 +02:00 [INF] ConsoleDebugButtonService disposing
2025-11-11 05:41:01.320 +02:00 [INF] Unsubscribed from error detection
2025-11-11 05:41:01.322 +02:00 [INF] EditorThreadHelper disposed
2025-11-11 05:41:03.953 +02:00 [INF] Initializing Coplay services
2025-11-11 05:41:03.960 +02:00 [INF] Initializing EditorThreadHelper
2025-11-11 05:41:03.960 +02:00 [INF] EditorThreadHelper initialized successfully
2025-11-11 05:41:03.974 +02:00 [INF] Enabling console error detection
2025-11-11 05:41:03.981 +02:00 [INF] ConsoleDebugButtonService initializing
2025-11-11 05:41:03.985 +02:00 [INF] ConsoleDebugButtonService initialized
2025-11-11 05:41:58.835 +02:00 [INF] Coplay container created
2025-11-11 05:41:58.836 +02:00 [INF] Debug button created, initial visibility: visible
2025-11-11 05:41:58.837 +02:00 [INF] Copy button created
2025-11-11 05:41:58.837 +02:00 [INF] Debug With AI button successfully injected into console
2025-11-11 05:41:58.837 +02:00 [INF] Subscribed to error detection
2025-11-11 05:41:59.088 +02:00 [INF] Found 9 startup errors via direct console query - caching for downstream use
2025-11-11 05:48:27.968 +02:00 [DBG] Compilation finished, refreshing error state
2025-11-11 05:48:28.007 +02:00 [INF] Deinitializing Coplay services
2025-11-11 05:48:28.007 +02:00 [INF] ConsoleDebugButtonService disposing
2025-11-11 05:48:28.010 +02:00 [INF] Unsubscribed from error detection
2025-11-11 05:48:28.012 +02:00 [INF] EditorThreadHelper disposed
2025-11-11 17:09:38.760 +02:00 [INF] Initializing Coplay services
2025-11-11 17:09:38.834 +02:00 [INF] Initializing EditorThreadHelper
2025-11-11 17:09:38.835 +02:00 [INF] EditorThreadHelper initialized successfully
2025-11-11 17:09:38.978 +02:00 [INF] Enabling console error detection
2025-11-11 17:09:38.997 +02:00 [INF] ConsoleDebugButtonService initializing
2025-11-11 17:09:39.012 +02:00 [INF] ConsoleDebugButtonService initialized
2025-11-11 17:15:42.597 +02:00 [INF] Coplay container created
2025-11-11 17:15:42.645 +02:00 [INF] Debug button created, initial visibility: visible
2025-11-11 17:15:42.663 +02:00 [INF] Copy button created
2025-11-11 17:15:42.663 +02:00 [INF] Debug With AI button successfully injected into console
2025-11-11 17:15:42.682 +02:00 [INF] Subscribed to error detection
2025-11-11 17:16:22.694 +02:00 [INF] Found 1 startup errors via direct console query - caching for downstream use
2025-11-11 17:39:32.688 +02:00 [DBG] Compilation finished, refreshing error state
2025-11-11 17:39:33.991 +02:00 [INF] Deinitializing Coplay services
2025-11-11 17:39:34.003 +02:00 [INF] ConsoleDebugButtonService disposing
2025-11-11 17:39:34.062 +02:00 [INF] Unsubscribed from error detection
2025-11-11 17:39:34.093 +02:00 [INF] EditorThreadHelper disposed
2025-11-11 17:40:15.290 +02:00 [INF] Initializing Coplay services
2025-11-11 17:40:15.300 +02:00 [INF] Initializing EditorThreadHelper
2025-11-11 17:40:15.300 +02:00 [INF] EditorThreadHelper initialized successfully
2025-11-11 17:40:15.321 +02:00 [INF] Enabling console error detection
2025-11-11 17:40:15.331 +02:00 [INF] ConsoleDebugButtonService initializing
2025-11-11 17:40:15.337 +02:00 [INF] ConsoleDebugButtonService initialized
2025-11-11 17:40:20.233 +02:00 [INF] Coplay container created
2025-11-11 17:40:20.247 +02:00 [INF] Debug button created, initial visibility: visible
2025-11-11 17:40:20.247 +02:00 [INF] Copy button created
2025-11-11 17:40:20.247 +02:00 [INF] Debug With AI button successfully injected into console
2025-11-11 17:40:20.248 +02:00 [INF] Subscribed to error detection
2025-11-11 17:40:20.733 +02:00 [INF] Found 1 startup errors via direct console query - caching for downstream use
2025-11-11 17:46:27.975 +02:00 [INF] Initializing Coplay services
2025-11-11 17:46:27.990 +02:00 [INF] Initializing EditorThreadHelper
2025-11-11 17:46:27.990 +02:00 [INF] EditorThreadHelper initialized successfully
2025-11-11 17:46:28.008 +02:00 [INF] Enabling console error detection
2025-11-11 17:46:28.024 +02:00 [INF] ConsoleDebugButtonService initializing
2025-11-11 17:46:28.031 +02:00 [INF] ConsoleDebugButtonService initialized
2025-11-11 17:48:13.975 +02:00 [INF] Coplay container created
2025-11-11 17:48:13.978 +02:00 [INF] Debug button created, initial visibility: visible
2025-11-11 17:48:13.981 +02:00 [INF] Copy button created
2025-11-11 17:48:13.981 +02:00 [INF] Debug With AI button successfully injected into console
2025-11-11 17:48:13.982 +02:00 [INF] Subscribed to error detection
2025-11-11 17:48:14.993 +02:00 [INF] Found 1 startup errors via direct console query - caching for downstream use
2025-11-11 17:52:02.489 +02:00 [INF] Initializing Coplay services
2025-11-11 17:52:02.507 +02:00 [INF] Initializing EditorThreadHelper
2025-11-11 17:52:02.508 +02:00 [INF] EditorThreadHelper initialized successfully
2025-11-11 17:52:02.572 +02:00 [INF] Enabling console error detection
2025-11-11 17:52:02.616 +02:00 [INF] ConsoleDebugButtonService initializing
2025-11-11 17:52:02.636 +02:00 [INF] ConsoleDebugButtonService initialized
2025-11-11 17:53:41.949 +02:00 [INF] Coplay container created
2025-11-11 17:53:41.969 +02:00 [INF] Debug button created, initial visibility: visible
2025-11-11 17:53:41.978 +02:00 [INF] Copy button created
2025-11-11 17:53:41.978 +02:00 [INF] Debug With AI button successfully injected into console
2025-11-11 17:53:41.981 +02:00 [INF] Subscribed to error detection
2025-11-11 17:53:43.354 +02:00 [INF] Found 1 startup errors via direct console query - caching for downstream use
2025-11-11 17:54:19.623 +02:00 [DBG] Compilation finished, refreshing error state
2025-11-11 17:54:19.693 +02:00 [INF] Deinitializing Coplay services
2025-11-11 17:54:19.698 +02:00 [INF] ConsoleDebugButtonService disposing
2025-11-11 17:54:19.722 +02:00 [INF] Unsubscribed from error detection
2025-11-11 17:54:19.731 +02:00 [INF] EditorThreadHelper disposed
2025-11-11 17:54:30.214 +02:00 [INF] Initializing Coplay services
2025-11-11 17:54:30.223 +02:00 [INF] Initializing EditorThreadHelper
2025-11-11 17:54:30.223 +02:00 [INF] EditorThreadHelper initialized successfully
2025-11-11 17:54:30.240 +02:00 [INF] Enabling console error detection
2025-11-11 17:54:30.250 +02:00 [INF] ConsoleDebugButtonService initializing
2025-11-11 17:54:30.254 +02:00 [INF] ConsoleDebugButtonService initialized
2025-11-11 17:54:32.832 +02:00 [INF] Coplay container created
2025-11-11 17:54:32.843 +02:00 [INF] Debug button created, initial visibility: visible
2025-11-11 17:54:32.843 +02:00 [INF] Copy button created
2025-11-11 17:54:32.843 +02:00 [INF] Debug With AI button successfully injected into console
2025-11-11 17:54:32.843 +02:00 [INF] Subscribed to error detection
2025-11-11 17:54:33.931 +02:00 [INF] Found 1 startup errors via direct console query - caching for downstream use
2025-11-11 19:04:37.635 +02:00 [INF] Initializing Coplay services
2025-11-11 19:04:37.650 +02:00 [INF] Initializing EditorThreadHelper
2025-11-11 19:04:37.650 +02:00 [INF] EditorThreadHelper initialized successfully
2025-11-11 19:04:37.671 +02:00 [INF] Enabling console error detection
2025-11-11 19:04:37.684 +02:00 [INF] ConsoleDebugButtonService initializing
2025-11-11 19:04:37.694 +02:00 [INF] ConsoleDebugButtonService initialized
2025-11-11 19:05:07.514 +02:00 [INF] Coplay container created
2025-11-11 19:05:07.538 +02:00 [INF] Debug button created, initial visibility: visible
2025-11-11 19:05:07.546 +02:00 [INF] Copy button created
2025-11-11 19:05:07.546 +02:00 [INF] Debug With AI button successfully injected into console
2025-11-11 19:05:07.548 +02:00 [INF] Subscribed to error detection
2025-11-11 19:05:08.041 +02:00 [INF] Found 1 startup errors via direct console query - caching for downstream use
2025-11-11 19:05:32.143 +02:00 [INF] Deinitializing Coplay services
2025-11-11 19:05:32.144 +02:00 [INF] ConsoleDebugButtonService disposing
2025-11-11 19:05:32.152 +02:00 [INF] Unsubscribed from error detection
2025-11-11 19:05:32.159 +02:00 [INF] EditorThreadHelper disposed
2025-11-11 19:05:37.999 +02:00 [INF] Initializing Coplay services
2025-11-11 19:05:38.008 +02:00 [INF] Initializing EditorThreadHelper
2025-11-11 19:05:38.008 +02:00 [INF] EditorThreadHelper initialized successfully
2025-11-11 19:05:38.022 +02:00 [INF] Enabling console error detection
2025-11-11 19:05:38.031 +02:00 [INF] ConsoleDebugButtonService initializing
2025-11-11 19:05:38.035 +02:00 [INF] ConsoleDebugButtonService initialized
2025-11-11 19:05:42.995 +02:00 [INF] Coplay container created
2025-11-11 19:05:42.997 +02:00 [INF] Debug button created, initial visibility: hidden
2025-11-11 19:05:42.998 +02:00 [INF] Copy button created
2025-11-11 19:05:42.998 +02:00 [INF] Debug With AI button successfully injected into console
2025-11-11 19:05:42.998 +02:00 [INF] Subscribed to error detection
2025-11-11 19:05:43.335 +02:00 [INF] No startup errors found after delayed check
