2025-11-06 00:15:55.375 +02:00 [DBG] Compilation finished, refreshing error state
2025-11-06 00:19:07.630 +02:00 [DBG] Compilation finished, refreshing error state
2025-11-06 00:20:24.620 +02:00 [DBG] Compilation finished, refreshing error state
2025-11-06 00:21:01.114 +02:00 [DBG] Compilation finished, refreshing error state
2025-11-06 00:22:41.420 +02:00 [DBG] Compilation finished, refreshing error state
2025-11-06 00:23:41.054 +02:00 [DBG] Compilation finished, refreshing error state
2025-11-06 00:24:16.092 +02:00 [DBG] Compilation finished, refreshing error state
2025-11-06 00:24:16.129 +02:00 [INF] Deinitializing Coplay services
2025-11-06 00:24:16.129 +02:00 [INF] ConsoleDebugButtonService disposing
2025-11-06 00:24:16.131 +02:00 [INF] Unsubscribed from error detection
2025-11-06 00:24:16.133 +02:00 [INF] EditorThreadHelper disposed
2025-11-06 00:24:19.267 +02:00 [INF] Initializing Coplay services
2025-11-06 00:24:19.273 +02:00 [INF] Initializing EditorThreadHelper
2025-11-06 00:24:19.273 +02:00 [INF] EditorThreadHelper initialized successfully
2025-11-06 00:24:19.287 +02:00 [INF] Enabling console error detection
2025-11-06 00:24:19.295 +02:00 [INF] ConsoleDebugButtonService initializing
2025-11-06 00:24:19.298 +02:00 [INF] ConsoleDebugButtonService initialized
2025-11-06 00:24:20.737 +02:00 [INF] Coplay container created
2025-11-06 00:24:20.746 +02:00 [INF] Debug button created, initial visibility: visible
2025-11-06 00:24:20.748 +02:00 [INF] Copy button created
2025-11-06 00:24:20.749 +02:00 [INF] Debug With AI button successfully injected into console
2025-11-06 00:24:20.750 +02:00 [INF] Subscribed to error detection
2025-11-06 00:24:20.857 +02:00 [INF] Found 1 startup errors via direct console query - caching for downstream use
2025-11-06 00:25:33.371 +02:00 [DBG] Compilation finished, refreshing error state
2025-11-06 00:25:33.404 +02:00 [INF] Deinitializing Coplay services
2025-11-06 00:25:33.404 +02:00 [INF] ConsoleDebugButtonService disposing
2025-11-06 00:25:33.407 +02:00 [INF] Unsubscribed from error detection
2025-11-06 00:25:33.410 +02:00 [INF] EditorThreadHelper disposed
2025-11-06 00:25:36.738 +02:00 [INF] Initializing Coplay services
2025-11-06 00:25:36.745 +02:00 [INF] Initializing EditorThreadHelper
2025-11-06 00:25:36.745 +02:00 [INF] EditorThreadHelper initialized successfully
2025-11-06 00:25:36.760 +02:00 [INF] Enabling console error detection
2025-11-06 00:25:36.768 +02:00 [INF] ConsoleDebugButtonService initializing
2025-11-06 00:25:36.772 +02:00 [INF] ConsoleDebugButtonService initialized
2025-11-06 00:25:38.366 +02:00 [INF] Coplay container created
2025-11-06 00:25:38.374 +02:00 [INF] Debug button created, initial visibility: hidden
2025-11-06 00:25:38.375 +02:00 [INF] Copy button created
2025-11-06 00:25:38.375 +02:00 [INF] Debug With AI button successfully injected into console
2025-11-06 00:25:38.376 +02:00 [INF] Subscribed to error detection
2025-11-06 00:25:38.448 +02:00 [INF] No startup errors found after delayed check
2025-11-06 00:27:34.606 +02:00 [INF] Deinitializing Coplay services
2025-11-06 00:27:34.607 +02:00 [INF] ConsoleDebugButtonService disposing
2025-11-06 00:27:34.608 +02:00 [INF] Unsubscribed from error detection
2025-11-06 00:27:34.611 +02:00 [INF] EditorThreadHelper disposed
2025-11-06 00:27:37.088 +02:00 [INF] Initializing Coplay services
2025-11-06 00:27:37.094 +02:00 [INF] Initializing EditorThreadHelper
2025-11-06 00:27:37.094 +02:00 [INF] EditorThreadHelper initialized successfully
2025-11-06 00:27:37.108 +02:00 [INF] Enabling console error detection
2025-11-06 00:27:37.115 +02:00 [INF] ConsoleDebugButtonService initializing
2025-11-06 00:27:37.118 +02:00 [INF] ConsoleDebugButtonService initialized
2025-11-06 00:27:40.020 +02:00 [INF] Coplay container created
2025-11-06 00:27:40.021 +02:00 [INF] Debug button created, initial visibility: hidden
2025-11-06 00:27:40.021 +02:00 [INF] Copy button created
2025-11-06 00:27:40.022 +02:00 [INF] Debug With AI button successfully injected into console
2025-11-06 00:27:40.022 +02:00 [INF] Subscribed to error detection
2025-11-06 00:27:40.051 +02:00 [INF] No startup errors found after delayed check
2025-11-06 00:41:22.771 +02:00 [INF] Deinitializing Coplay services
2025-11-06 00:41:22.772 +02:00 [INF] ConsoleDebugButtonService disposing
2025-11-06 00:41:22.775 +02:00 [INF] Unsubscribed from error detection
2025-11-06 00:41:22.777 +02:00 [INF] EditorThreadHelper disposed
2025-11-06 00:41:25.365 +02:00 [INF] Initializing Coplay services
2025-11-06 00:41:25.371 +02:00 [INF] Initializing EditorThreadHelper
2025-11-06 00:41:25.371 +02:00 [INF] EditorThreadHelper initialized successfully
2025-11-06 00:41:25.386 +02:00 [INF] Enabling console error detection
2025-11-06 00:41:25.393 +02:00 [INF] ConsoleDebugButtonService initializing
2025-11-06 00:41:25.397 +02:00 [INF] ConsoleDebugButtonService initialized
2025-11-06 00:41:28.312 +02:00 [INF] Coplay container created
2025-11-06 00:41:28.313 +02:00 [INF] Debug button created, initial visibility: hidden
2025-11-06 00:41:28.314 +02:00 [INF] Copy button created
2025-11-06 00:41:28.314 +02:00 [INF] Debug With AI button successfully injected into console
2025-11-06 00:41:28.314 +02:00 [INF] Subscribed to error detection
2025-11-06 00:41:28.346 +02:00 [INF] No startup errors found after delayed check
2025-11-06 00:55:15.052 +02:00 [DBG] Compilation finished, refreshing error state
2025-11-06 00:55:15.115 +02:00 [INF] Deinitializing Coplay services
2025-11-06 00:55:15.116 +02:00 [INF] ConsoleDebugButtonService disposing
2025-11-06 00:55:15.118 +02:00 [INF] Unsubscribed from error detection
2025-11-06 00:55:15.120 +02:00 [INF] EditorThreadHelper disposed
2025-11-06 00:55:19.037 +02:00 [INF] Initializing Coplay services
2025-11-06 00:55:19.045 +02:00 [INF] Initializing EditorThreadHelper
2025-11-06 00:55:19.045 +02:00 [INF] EditorThreadHelper initialized successfully
2025-11-06 00:55:19.119 +02:00 [INF] Enabling console error detection
2025-11-06 00:55:19.127 +02:00 [INF] ConsoleDebugButtonService initializing
2025-11-06 00:55:19.131 +02:00 [INF] ConsoleDebugButtonService initialized
2025-11-06 00:55:21.351 +02:00 [INF] Coplay container created
2025-11-06 00:55:21.359 +02:00 [INF] Debug button created, initial visibility: hidden
2025-11-06 00:55:21.359 +02:00 [INF] Copy button created
2025-11-06 00:55:21.359 +02:00 [INF] Debug With AI button successfully injected into console
2025-11-06 00:55:21.360 +02:00 [INF] Subscribed to error detection
2025-11-06 01:05:46.907 +02:00 [INF] No startup errors found after delayed check
2025-11-06 01:14:06.427 +02:00 [DBG] Compilation finished, refreshing error state
2025-11-06 01:14:06.463 +02:00 [INF] Deinitializing Coplay services
2025-11-06 01:14:06.464 +02:00 [INF] ConsoleDebugButtonService disposing
2025-11-06 01:14:06.466 +02:00 [INF] Unsubscribed from error detection
2025-11-06 01:14:06.468 +02:00 [INF] EditorThreadHelper disposed
2025-11-06 01:14:09.536 +02:00 [INF] Initializing Coplay services
2025-11-06 01:14:09.543 +02:00 [INF] Initializing EditorThreadHelper
2025-11-06 01:14:09.543 +02:00 [INF] EditorThreadHelper initialized successfully
2025-11-06 01:14:09.557 +02:00 [INF] Enabling console error detection
2025-11-06 01:14:09.564 +02:00 [INF] ConsoleDebugButtonService initializing
2025-11-06 01:14:09.568 +02:00 [INF] ConsoleDebugButtonService initialized
2025-11-06 01:14:10.757 +02:00 [INF] Coplay container created
2025-11-06 01:14:10.764 +02:00 [INF] Debug button created, initial visibility: hidden
2025-11-06 01:14:10.765 +02:00 [INF] Copy button created
2025-11-06 01:14:10.766 +02:00 [INF] Debug With AI button successfully injected into console
2025-11-06 01:14:10.766 +02:00 [INF] Subscribed to error detection
2025-11-06 01:14:10.802 +02:00 [INF] No startup errors found after delayed check
2025-11-06 01:33:38.495 +02:00 [DBG] Compilation finished, refreshing error state
2025-11-06 01:35:00.738 +02:00 [DBG] Compilation finished, refreshing error state
2025-11-06 01:35:00.810 +02:00 [INF] Deinitializing Coplay services
2025-11-06 01:35:00.811 +02:00 [INF] ConsoleDebugButtonService disposing
2025-11-06 01:35:00.812 +02:00 [INF] Unsubscribed from error detection
2025-11-06 01:35:00.815 +02:00 [INF] EditorThreadHelper disposed
2025-11-06 01:35:16.350 +02:00 [INF] Initializing Coplay services
2025-11-06 01:35:16.357 +02:00 [INF] Initializing EditorThreadHelper
2025-11-06 01:35:16.357 +02:00 [INF] EditorThreadHelper initialized successfully
2025-11-06 01:35:16.383 +02:00 [INF] Enabling console error detection
2025-11-06 01:35:16.392 +02:00 [INF] ConsoleDebugButtonService initializing
2025-11-06 01:35:16.396 +02:00 [INF] ConsoleDebugButtonService initialized
2025-11-06 01:35:17.740 +02:00 [INF] Coplay container created
2025-11-06 01:35:17.748 +02:00 [INF] Debug button created, initial visibility: hidden
2025-11-06 01:35:17.748 +02:00 [INF] Copy button created
2025-11-06 01:35:17.749 +02:00 [INF] Debug With AI button successfully injected into console
2025-11-06 01:35:17.749 +02:00 [INF] Subscribed to error detection
2025-11-06 01:35:17.787 +02:00 [INF] No startup errors found after delayed check
2025-11-06 01:37:35.998 +02:00 [DBG] Compilation finished, refreshing error state
2025-11-06 01:37:36.031 +02:00 [INF] Deinitializing Coplay services
2025-11-06 01:37:36.032 +02:00 [INF] ConsoleDebugButtonService disposing
2025-11-06 01:37:36.034 +02:00 [INF] Unsubscribed from error detection
2025-11-06 01:37:36.037 +02:00 [INF] EditorThreadHelper disposed
2025-11-06 01:37:39.112 +02:00 [INF] Initializing Coplay services
2025-11-06 01:37:39.118 +02:00 [INF] Initializing EditorThreadHelper
2025-11-06 01:37:39.118 +02:00 [INF] EditorThreadHelper initialized successfully
2025-11-06 01:37:39.134 +02:00 [INF] Enabling console error detection
2025-11-06 01:37:39.143 +02:00 [INF] ConsoleDebugButtonService initializing
2025-11-06 01:37:39.146 +02:00 [INF] ConsoleDebugButtonService initialized
2025-11-06 01:37:40.376 +02:00 [INF] Coplay container created
2025-11-06 01:37:40.383 +02:00 [INF] Debug button created, initial visibility: hidden
2025-11-06 01:37:40.383 +02:00 [INF] Copy button created
2025-11-06 01:37:40.383 +02:00 [INF] Debug With AI button successfully injected into console
2025-11-06 01:37:40.384 +02:00 [INF] Subscribed to error detection
2025-11-06 01:45:14.938 +02:00 [DBG] Compilation finished, refreshing error state
2025-11-06 01:45:15.109 +02:00 [INF] Found 36 startup errors via direct console query - caching for downstream use
2025-11-06 01:46:41.705 +02:00 [DBG] Compilation finished, refreshing error state
2025-11-06 01:47:37.637 +02:00 [DBG] Compilation finished, refreshing error state
2025-11-06 01:48:37.929 +02:00 [DBG] Compilation finished, refreshing error state
2025-11-06 01:48:37.958 +02:00 [INF] Deinitializing Coplay services
2025-11-06 01:48:37.958 +02:00 [INF] ConsoleDebugButtonService disposing
2025-11-06 01:48:37.961 +02:00 [INF] Unsubscribed from error detection
2025-11-06 01:48:37.963 +02:00 [INF] EditorThreadHelper disposed
2025-11-06 01:48:50.476 +02:00 [INF] Initializing Coplay services
2025-11-06 01:48:50.483 +02:00 [INF] Initializing EditorThreadHelper
2025-11-06 01:48:50.483 +02:00 [INF] EditorThreadHelper initialized successfully
2025-11-06 01:48:50.499 +02:00 [INF] Enabling console error detection
2025-11-06 01:48:50.507 +02:00 [INF] ConsoleDebugButtonService initializing
2025-11-06 01:48:50.511 +02:00 [INF] ConsoleDebugButtonService initialized
2025-11-06 01:48:51.740 +02:00 [INF] Coplay container created
2025-11-06 01:48:51.747 +02:00 [INF] Debug button created, initial visibility: hidden
2025-11-06 01:48:51.748 +02:00 [INF] Copy button created
2025-11-06 01:48:51.748 +02:00 [INF] Debug With AI button successfully injected into console
2025-11-06 01:48:51.749 +02:00 [INF] Subscribed to error detection
2025-11-06 01:50:15.300 +02:00 [INF] No startup errors found after delayed check
2025-11-06 01:51:44.942 +02:00 [DBG] Compilation finished, refreshing error state
2025-11-06 01:51:44.974 +02:00 [INF] Deinitializing Coplay services
2025-11-06 01:51:44.974 +02:00 [INF] ConsoleDebugButtonService disposing
2025-11-06 01:51:44.977 +02:00 [INF] Unsubscribed from error detection
2025-11-06 01:51:44.980 +02:00 [INF] EditorThreadHelper disposed
2025-11-06 01:52:06.630 +02:00 [INF] Initializing Coplay services
2025-11-06 01:52:06.636 +02:00 [INF] Initializing EditorThreadHelper
2025-11-06 01:52:06.636 +02:00 [INF] EditorThreadHelper initialized successfully
2025-11-06 01:52:06.652 +02:00 [INF] Enabling console error detection
2025-11-06 01:52:06.660 +02:00 [INF] ConsoleDebugButtonService initializing
2025-11-06 01:52:06.663 +02:00 [INF] ConsoleDebugButtonService initialized
2025-11-06 01:52:08.104 +02:00 [INF] Coplay container created
2025-11-06 01:52:08.112 +02:00 [INF] Debug button created, initial visibility: hidden
2025-11-06 01:52:08.113 +02:00 [INF] Copy button created
2025-11-06 01:52:08.113 +02:00 [INF] Debug With AI button successfully injected into console
2025-11-06 01:52:08.113 +02:00 [INF] Subscribed to error detection
2025-11-06 01:52:11.495 +02:00 [INF] No startup errors found after delayed check
2025-11-06 02:09:07.162 +02:00 [DBG] Compilation finished, refreshing error state
2025-11-06 02:09:51.362 +02:00 [DBG] Compilation finished, refreshing error state
2025-11-06 02:09:51.392 +02:00 [INF] Deinitializing Coplay services
2025-11-06 02:09:51.392 +02:00 [INF] ConsoleDebugButtonService disposing
2025-11-06 02:09:51.395 +02:00 [INF] Unsubscribed from error detection
2025-11-06 02:09:51.397 +02:00 [INF] EditorThreadHelper disposed
2025-11-06 02:09:54.367 +02:00 [INF] Initializing Coplay services
2025-11-06 02:09:54.374 +02:00 [INF] Initializing EditorThreadHelper
2025-11-06 02:09:54.374 +02:00 [INF] EditorThreadHelper initialized successfully
2025-11-06 02:09:54.388 +02:00 [INF] Enabling console error detection
2025-11-06 02:09:54.397 +02:00 [INF] ConsoleDebugButtonService initializing
2025-11-06 02:09:54.401 +02:00 [INF] ConsoleDebugButtonService initialized
2025-11-06 02:09:55.618 +02:00 [INF] Coplay container created
2025-11-06 02:09:55.626 +02:00 [INF] Debug button created, initial visibility: hidden
2025-11-06 02:09:55.626 +02:00 [INF] Copy button created
2025-11-06 02:09:55.626 +02:00 [INF] Debug With AI button successfully injected into console
2025-11-06 02:09:55.627 +02:00 [INF] Subscribed to error detection
2025-11-06 02:09:55.696 +02:00 [INF] No startup errors found after delayed check
2025-11-06 02:14:47.511 +02:00 [DBG] Compilation finished, refreshing error state
2025-11-06 02:14:49.592 +02:00 [DBG] Compilation finished, refreshing error state
2025-11-06 02:14:49.631 +02:00 [INF] Deinitializing Coplay services
2025-11-06 02:14:49.632 +02:00 [INF] ConsoleDebugButtonService disposing
2025-11-06 02:14:49.635 +02:00 [INF] Unsubscribed from error detection
2025-11-06 02:14:49.637 +02:00 [INF] EditorThreadHelper disposed
2025-11-06 02:14:52.884 +02:00 [INF] Initializing Coplay services
2025-11-06 02:14:52.891 +02:00 [INF] Initializing EditorThreadHelper
2025-11-06 02:14:52.891 +02:00 [INF] EditorThreadHelper initialized successfully
2025-11-06 02:14:52.907 +02:00 [INF] Enabling console error detection
2025-11-06 02:14:52.917 +02:00 [INF] ConsoleDebugButtonService initializing
2025-11-06 02:14:52.921 +02:00 [INF] ConsoleDebugButtonService initialized
2025-11-06 02:14:54.199 +02:00 [INF] Coplay container created
2025-11-06 02:14:54.208 +02:00 [INF] Debug button created, initial visibility: hidden
2025-11-06 02:14:54.209 +02:00 [INF] Copy button created
2025-11-06 02:14:54.209 +02:00 [INF] Debug With AI button successfully injected into console
2025-11-06 02:14:54.209 +02:00 [INF] Subscribed to error detection
2025-11-06 02:15:12.852 +02:00 [INF] No startup errors found after delayed check
2025-11-06 03:52:23.062 +02:00 [INF] Deinitializing Coplay services
2025-11-06 03:52:23.063 +02:00 [INF] ConsoleDebugButtonService disposing
2025-11-06 03:52:23.065 +02:00 [INF] Unsubscribed from error detection
2025-11-06 03:52:23.069 +02:00 [INF] EditorThreadHelper disposed
2025-11-06 03:52:25.746 +02:00 [INF] Initializing Coplay services
2025-11-06 03:52:25.752 +02:00 [INF] Initializing EditorThreadHelper
2025-11-06 03:52:25.753 +02:00 [INF] EditorThreadHelper initialized successfully
2025-11-06 03:52:25.771 +02:00 [INF] Enabling console error detection
2025-11-06 03:52:25.780 +02:00 [INF] ConsoleDebugButtonService initializing
2025-11-06 03:52:25.783 +02:00 [INF] ConsoleDebugButtonService initialized
2025-11-06 03:52:29.105 +02:00 [INF] Coplay container created
2025-11-06 03:52:29.106 +02:00 [INF] Debug button created, initial visibility: hidden
2025-11-06 03:52:29.106 +02:00 [INF] Copy button created
2025-11-06 03:52:29.107 +02:00 [INF] Debug With AI button successfully injected into console
2025-11-06 03:52:29.107 +02:00 [INF] Subscribed to error detection
2025-11-06 03:52:29.205 +02:00 [INF] No startup errors found after delayed check
2025-11-06 03:56:31.613 +02:00 [DBG] Compilation finished, refreshing error state
2025-11-06 03:56:31.645 +02:00 [INF] Deinitializing Coplay services
2025-11-06 03:56:31.646 +02:00 [INF] ConsoleDebugButtonService disposing
2025-11-06 03:56:31.649 +02:00 [INF] Unsubscribed from error detection
2025-11-06 03:56:31.651 +02:00 [INF] EditorThreadHelper disposed
2025-11-06 03:56:34.708 +02:00 [INF] Initializing Coplay services
2025-11-06 03:56:34.714 +02:00 [INF] Initializing EditorThreadHelper
2025-11-06 03:56:34.714 +02:00 [INF] EditorThreadHelper initialized successfully
2025-11-06 03:56:34.744 +02:00 [INF] Enabling console error detection
2025-11-06 03:56:34.753 +02:00 [INF] ConsoleDebugButtonService initializing
2025-11-06 03:56:34.756 +02:00 [INF] ConsoleDebugButtonService initialized
2025-11-06 03:56:35.972 +02:00 [INF] Coplay container created
2025-11-06 03:56:35.979 +02:00 [INF] Debug button created, initial visibility: hidden
2025-11-06 03:56:35.979 +02:00 [INF] Copy button created
2025-11-06 03:56:35.979 +02:00 [INF] Debug With AI button successfully injected into console
2025-11-06 03:56:35.980 +02:00 [INF] Subscribed to error detection
2025-11-06 03:56:36.054 +02:00 [INF] No startup errors found after delayed check
2025-11-06 04:20:40.178 +02:00 [DBG] Compilation finished, refreshing error state
2025-11-06 04:20:40.216 +02:00 [INF] Deinitializing Coplay services
2025-11-06 04:20:40.217 +02:00 [INF] ConsoleDebugButtonService disposing
2025-11-06 04:20:40.220 +02:00 [INF] Unsubscribed from error detection
2025-11-06 04:20:40.222 +02:00 [INF] EditorThreadHelper disposed
2025-11-06 04:20:43.282 +02:00 [INF] Initializing Coplay services
2025-11-06 04:20:43.289 +02:00 [INF] Initializing EditorThreadHelper
2025-11-06 04:20:43.289 +02:00 [INF] EditorThreadHelper initialized successfully
2025-11-06 04:20:43.305 +02:00 [INF] Enabling console error detection
2025-11-06 04:20:43.315 +02:00 [INF] ConsoleDebugButtonService initializing
2025-11-06 04:20:43.319 +02:00 [INF] ConsoleDebugButtonService initialized
2025-11-06 04:20:44.525 +02:00 [INF] Coplay container created
2025-11-06 04:20:44.532 +02:00 [INF] Debug button created, initial visibility: hidden
2025-11-06 04:20:44.533 +02:00 [INF] Copy button created
2025-11-06 04:20:44.533 +02:00 [INF] Debug With AI button successfully injected into console
2025-11-06 04:20:44.534 +02:00 [INF] Subscribed to error detection
2025-11-06 04:20:44.614 +02:00 [INF] No startup errors found after delayed check
2025-11-06 04:23:40.499 +02:00 [DBG] Compilation finished, refreshing error state
2025-11-06 04:23:40.530 +02:00 [INF] Deinitializing Coplay services
2025-11-06 04:23:40.531 +02:00 [INF] ConsoleDebugButtonService disposing
2025-11-06 04:23:40.533 +02:00 [INF] Unsubscribed from error detection
2025-11-06 04:23:40.536 +02:00 [INF] EditorThreadHelper disposed
2025-11-06 04:23:43.490 +02:00 [INF] Initializing Coplay services
2025-11-06 04:23:43.496 +02:00 [INF] Initializing EditorThreadHelper
2025-11-06 04:23:43.496 +02:00 [INF] EditorThreadHelper initialized successfully
2025-11-06 04:23:43.507 +02:00 [INF] Enabling console error detection
2025-11-06 04:23:43.517 +02:00 [INF] ConsoleDebugButtonService initializing
2025-11-06 04:23:43.522 +02:00 [INF] ConsoleDebugButtonService initialized
2025-11-06 04:23:44.727 +02:00 [INF] Coplay container created
2025-11-06 04:23:44.734 +02:00 [INF] Debug button created, initial visibility: hidden
2025-11-06 04:23:44.735 +02:00 [INF] Copy button created
2025-11-06 04:23:44.735 +02:00 [INF] Debug With AI button successfully injected into console
2025-11-06 04:23:44.735 +02:00 [INF] Subscribed to error detection
2025-11-06 04:23:44.805 +02:00 [INF] No startup errors found after delayed check
2025-11-06 04:43:20.726 +02:00 [INF] Initializing Coplay services
2025-11-06 04:43:20.732 +02:00 [INF] Initializing EditorThreadHelper
2025-11-06 04:43:20.732 +02:00 [INF] EditorThreadHelper initialized successfully
2025-11-06 04:43:20.743 +02:00 [INF] Enabling console error detection
2025-11-06 04:43:20.753 +02:00 [INF] ConsoleDebugButtonService initializing
2025-11-06 04:43:20.757 +02:00 [INF] ConsoleDebugButtonService initialized
2025-11-06 04:43:49.579 +02:00 [INF] Coplay container created
2025-11-06 04:43:49.580 +02:00 [INF] Debug button created, initial visibility: hidden
2025-11-06 04:43:49.581 +02:00 [INF] Copy button created
2025-11-06 04:43:49.581 +02:00 [INF] Debug With AI button successfully injected into console
2025-11-06 04:43:49.581 +02:00 [INF] Subscribed to error detection
2025-11-06 04:43:52.469 +02:00 [INF] No startup errors found after delayed check
2025-11-06 04:49:13.999 +02:00 [DBG] Compilation finished, refreshing error state
2025-11-06 04:49:14.039 +02:00 [INF] Deinitializing Coplay services
2025-11-06 04:49:14.039 +02:00 [INF] ConsoleDebugButtonService disposing
2025-11-06 04:49:14.041 +02:00 [INF] Unsubscribed from error detection
2025-11-06 04:49:14.043 +02:00 [INF] EditorThreadHelper disposed
2025-11-06 04:49:17.278 +02:00 [INF] Initializing Coplay services
2025-11-06 04:49:17.284 +02:00 [INF] Initializing EditorThreadHelper
2025-11-06 04:49:17.284 +02:00 [INF] EditorThreadHelper initialized successfully
2025-11-06 04:49:17.294 +02:00 [INF] Enabling console error detection
2025-11-06 04:49:17.301 +02:00 [INF] ConsoleDebugButtonService initializing
2025-11-06 04:49:17.304 +02:00 [INF] ConsoleDebugButtonService initialized
2025-11-06 04:49:18.530 +02:00 [INF] Coplay container created
2025-11-06 04:49:18.538 +02:00 [INF] Debug button created, initial visibility: hidden
2025-11-06 04:49:18.538 +02:00 [INF] Copy button created
2025-11-06 04:49:18.539 +02:00 [INF] Debug With AI button successfully injected into console
2025-11-06 04:49:18.539 +02:00 [INF] Subscribed to error detection
2025-11-06 04:49:18.570 +02:00 [INF] No startup errors found after delayed check
2025-11-06 04:52:29.378 +02:00 [DBG] Compilation finished, refreshing error state
2025-11-06 04:53:36.540 +02:00 [DBG] Compilation finished, refreshing error state
2025-11-06 04:55:48.738 +02:00 [DBG] Compilation finished, refreshing error state
2025-11-06 04:55:48.772 +02:00 [INF] Deinitializing Coplay services
2025-11-06 04:55:48.772 +02:00 [INF] ConsoleDebugButtonService disposing
2025-11-06 04:55:48.774 +02:00 [INF] Unsubscribed from error detection
2025-11-06 04:55:48.776 +02:00 [INF] EditorThreadHelper disposed
2025-11-06 04:55:52.091 +02:00 [INF] Initializing Coplay services
2025-11-06 04:55:52.098 +02:00 [INF] Initializing EditorThreadHelper
2025-11-06 04:55:52.098 +02:00 [INF] EditorThreadHelper initialized successfully
2025-11-06 04:55:52.108 +02:00 [INF] Enabling console error detection
2025-11-06 04:55:52.115 +02:00 [INF] ConsoleDebugButtonService initializing
2025-11-06 04:55:52.119 +02:00 [INF] ConsoleDebugButtonService initialized
2025-11-06 04:55:53.374 +02:00 [INF] Coplay container created
2025-11-06 04:55:53.382 +02:00 [INF] Debug button created, initial visibility: hidden
2025-11-06 04:55:53.382 +02:00 [INF] Copy button created
2025-11-06 04:55:53.382 +02:00 [INF] Debug With AI button successfully injected into console
2025-11-06 04:55:53.384 +02:00 [INF] Subscribed to error detection
2025-11-06 04:55:53.434 +02:00 [INF] No startup errors found after delayed check
2025-11-06 05:07:05.280 +02:00 [DBG] Compilation finished, refreshing error state
2025-11-06 05:07:05.326 +02:00 [INF] Deinitializing Coplay services
2025-11-06 05:07:05.326 +02:00 [INF] ConsoleDebugButtonService disposing
2025-11-06 05:07:05.328 +02:00 [INF] Unsubscribed from error detection
2025-11-06 05:07:05.329 +02:00 [INF] EditorThreadHelper disposed
2025-11-06 05:07:23.218 +02:00 [INF] Initializing Coplay services
2025-11-06 05:07:23.227 +02:00 [INF] Initializing EditorThreadHelper
2025-11-06 05:07:23.227 +02:00 [INF] EditorThreadHelper initialized successfully
2025-11-06 05:07:23.245 +02:00 [INF] Enabling console error detection
2025-11-06 05:07:23.253 +02:00 [INF] ConsoleDebugButtonService initializing
2025-11-06 05:07:23.257 +02:00 [INF] ConsoleDebugButtonService initialized
2025-11-06 05:07:24.846 +02:00 [INF] Coplay container created
2025-11-06 05:07:24.856 +02:00 [INF] Debug button created, initial visibility: hidden
2025-11-06 05:07:24.857 +02:00 [INF] Copy button created
2025-11-06 05:07:24.857 +02:00 [INF] Debug With AI button successfully injected into console
2025-11-06 05:07:24.858 +02:00 [INF] Subscribed to error detection
2025-11-06 05:07:45.605 +02:00 [INF] No startup errors found after delayed check
2025-11-06 05:33:04.045 +02:00 [DBG] Compilation finished, refreshing error state
2025-11-06 05:33:04.093 +02:00 [INF] Deinitializing Coplay services
2025-11-06 05:33:04.095 +02:00 [INF] ConsoleDebugButtonService disposing
2025-11-06 05:33:04.102 +02:00 [INF] Unsubscribed from error detection
2025-11-06 05:33:04.105 +02:00 [INF] EditorThreadHelper disposed
2025-11-06 05:33:15.502 +02:00 [INF] Initializing Coplay services
2025-11-06 05:33:15.510 +02:00 [INF] Initializing EditorThreadHelper
2025-11-06 05:33:15.510 +02:00 [INF] EditorThreadHelper initialized successfully
2025-11-06 05:33:15.522 +02:00 [INF] Enabling console error detection
2025-11-06 05:33:15.529 +02:00 [INF] ConsoleDebugButtonService initializing
2025-11-06 05:33:15.532 +02:00 [INF] ConsoleDebugButtonService initialized
2025-11-06 05:33:16.856 +02:00 [INF] Coplay container created
2025-11-06 05:33:16.864 +02:00 [INF] Debug button created, initial visibility: hidden
2025-11-06 05:33:16.865 +02:00 [INF] Copy button created
2025-11-06 05:33:16.865 +02:00 [INF] Debug With AI button successfully injected into console
2025-11-06 05:33:16.866 +02:00 [INF] Subscribed to error detection
2025-11-06 05:33:16.987 +02:00 [INF] No startup errors found after delayed check
2025-11-06 05:36:13.690 +02:00 [INF] Initializing Coplay services
2025-11-06 05:36:13.698 +02:00 [INF] Initializing EditorThreadHelper
2025-11-06 05:36:13.698 +02:00 [INF] EditorThreadHelper initialized successfully
2025-11-06 05:36:13.711 +02:00 [INF] Enabling console error detection
2025-11-06 05:36:13.719 +02:00 [INF] ConsoleDebugButtonService initializing
2025-11-06 05:36:13.723 +02:00 [INF] ConsoleDebugButtonService initialized
2025-11-06 05:36:43.531 +02:00 [INF] Coplay container created
2025-11-06 05:36:43.534 +02:00 [INF] Debug button created, initial visibility: hidden
2025-11-06 05:36:43.534 +02:00 [INF] Copy button created
2025-11-06 05:36:43.534 +02:00 [INF] Debug With AI button successfully injected into console
2025-11-06 05:36:43.535 +02:00 [INF] Subscribed to error detection
2025-11-06 05:37:09.356 +02:00 [INF] No startup errors found after delayed check
2025-11-06 06:02:08.421 +02:00 [DBG] Compilation finished, refreshing error state
2025-11-06 06:02:08.478 +02:00 [INF] Deinitializing Coplay services
2025-11-06 06:02:08.480 +02:00 [INF] ConsoleDebugButtonService disposing
2025-11-06 06:02:08.484 +02:00 [INF] Unsubscribed from error detection
2025-11-06 06:02:08.487 +02:00 [INF] EditorThreadHelper disposed
2025-11-06 06:02:11.863 +02:00 [INF] Initializing Coplay services
2025-11-06 06:02:11.870 +02:00 [INF] Initializing EditorThreadHelper
2025-11-06 06:02:11.870 +02:00 [INF] EditorThreadHelper initialized successfully
2025-11-06 06:02:11.880 +02:00 [INF] Enabling console error detection
2025-11-06 06:02:11.885 +02:00 [INF] ConsoleDebugButtonService initializing
2025-11-06 06:02:11.889 +02:00 [INF] ConsoleDebugButtonService initialized
2025-11-06 06:02:13.116 +02:00 [INF] Coplay container created
2025-11-06 06:02:13.123 +02:00 [INF] Debug button created, initial visibility: hidden
2025-11-06 06:02:13.123 +02:00 [INF] Copy button created
2025-11-06 06:02:13.124 +02:00 [INF] Debug With AI button successfully injected into console
2025-11-06 06:02:13.124 +02:00 [INF] Subscribed to error detection
2025-11-06 06:02:13.199 +02:00 [INF] Found 1 startup errors via direct console query - caching for downstream use
2025-11-06 06:06:25.345 +02:00 [DBG] Compilation finished, refreshing error state
2025-11-06 06:06:25.378 +02:00 [INF] Deinitializing Coplay services
2025-11-06 06:06:25.378 +02:00 [INF] ConsoleDebugButtonService disposing
2025-11-06 06:06:25.380 +02:00 [INF] Unsubscribed from error detection
2025-11-06 06:06:25.382 +02:00 [INF] EditorThreadHelper disposed
2025-11-06 06:06:28.997 +02:00 [INF] Initializing Coplay services
2025-11-06 06:06:29.006 +02:00 [INF] Initializing EditorThreadHelper
2025-11-06 06:06:29.006 +02:00 [INF] EditorThreadHelper initialized successfully
2025-11-06 06:06:29.018 +02:00 [INF] Enabling console error detection
2025-11-06 06:06:29.035 +02:00 [INF] ConsoleDebugButtonService initializing
2025-11-06 06:06:29.040 +02:00 [INF] ConsoleDebugButtonService initialized
2025-11-06 06:06:30.570 +02:00 [INF] Coplay container created
2025-11-06 06:06:30.578 +02:00 [INF] Debug button created, initial visibility: hidden
2025-11-06 06:06:30.578 +02:00 [INF] Copy button created
2025-11-06 06:06:30.578 +02:00 [INF] Debug With AI button successfully injected into console
2025-11-06 06:06:30.579 +02:00 [INF] Subscribed to error detection
2025-11-06 06:06:37.958 +02:00 [INF] Found 1 startup errors via direct console query - caching for downstream use
2025-11-06 06:12:45.269 +02:00 [DBG] Compilation finished, refreshing error state
2025-11-06 06:12:45.307 +02:00 [INF] Deinitializing Coplay services
2025-11-06 06:12:45.308 +02:00 [INF] ConsoleDebugButtonService disposing
2025-11-06 06:12:45.309 +02:00 [INF] Unsubscribed from error detection
2025-11-06 06:12:45.311 +02:00 [INF] EditorThreadHelper disposed
2025-11-06 06:13:00.235 +02:00 [INF] Initializing Coplay services
2025-11-06 06:13:00.242 +02:00 [INF] Initializing EditorThreadHelper
2025-11-06 06:13:00.242 +02:00 [INF] EditorThreadHelper initialized successfully
2025-11-06 06:13:00.261 +02:00 [INF] Enabling console error detection
2025-11-06 06:13:00.267 +02:00 [INF] ConsoleDebugButtonService initializing
2025-11-06 06:13:00.270 +02:00 [INF] ConsoleDebugButtonService initialized
2025-11-06 06:13:01.525 +02:00 [INF] Coplay container created
2025-11-06 06:13:01.533 +02:00 [INF] Debug button created, initial visibility: hidden
2025-11-06 06:13:01.533 +02:00 [INF] Copy button created
2025-11-06 06:13:01.534 +02:00 [INF] Debug With AI button successfully injected into console
2025-11-06 06:13:01.535 +02:00 [INF] Subscribed to error detection
2025-11-06 06:13:54.074 +02:00 [INF] Found 7 startup errors via direct console query - caching for downstream use
2025-11-06 06:17:45.853 +02:00 [DBG] Compilation finished, refreshing error state
2025-11-06 06:17:45.886 +02:00 [INF] Deinitializing Coplay services
2025-11-06 06:17:45.886 +02:00 [INF] ConsoleDebugButtonService disposing
2025-11-06 06:17:45.888 +02:00 [INF] Unsubscribed from error detection
2025-11-06 06:17:45.891 +02:00 [INF] EditorThreadHelper disposed
2025-11-06 06:17:49.186 +02:00 [INF] Initializing Coplay services
2025-11-06 06:17:49.194 +02:00 [INF] Initializing EditorThreadHelper
2025-11-06 06:17:49.194 +02:00 [INF] EditorThreadHelper initialized successfully
2025-11-06 06:17:49.206 +02:00 [INF] Enabling console error detection
2025-11-06 06:17:49.213 +02:00 [INF] ConsoleDebugButtonService initializing
2025-11-06 06:17:49.217 +02:00 [INF] ConsoleDebugButtonService initialized
2025-11-06 06:17:50.542 +02:00 [INF] Coplay container created
2025-11-06 06:17:50.551 +02:00 [INF] Debug button created, initial visibility: hidden
2025-11-06 06:17:50.551 +02:00 [INF] Copy button created
2025-11-06 06:17:50.551 +02:00 [INF] Debug With AI button successfully injected into console
2025-11-06 06:17:50.552 +02:00 [INF] Subscribed to error detection
2025-11-06 06:17:51.223 +02:00 [INF] Found 7 startup errors via direct console query - caching for downstream use
2025-11-06 06:18:15.660 +02:00 [INF] Deinitializing Coplay services
2025-11-06 06:18:15.661 +02:00 [INF] ConsoleDebugButtonService disposing
2025-11-06 06:18:15.663 +02:00 [INF] Unsubscribed from error detection
2025-11-06 06:18:15.667 +02:00 [INF] EditorThreadHelper disposed
2025-11-06 06:18:19.204 +02:00 [INF] Initializing Coplay services
2025-11-06 06:18:19.214 +02:00 [INF] Initializing EditorThreadHelper
2025-11-06 06:18:19.214 +02:00 [INF] EditorThreadHelper initialized successfully
2025-11-06 06:18:19.234 +02:00 [INF] Enabling console error detection
2025-11-06 06:18:19.245 +02:00 [INF] ConsoleDebugButtonService initializing
2025-11-06 06:18:19.250 +02:00 [INF] ConsoleDebugButtonService initialized
2025-11-06 06:18:23.124 +02:00 [INF] Coplay container created
2025-11-06 06:18:23.126 +02:00 [INF] Debug button created, initial visibility: hidden
2025-11-06 06:18:23.126 +02:00 [INF] Copy button created
2025-11-06 06:18:23.126 +02:00 [INF] Debug With AI button successfully injected into console
2025-11-06 06:18:23.126 +02:00 [INF] Subscribed to error detection
2025-11-06 06:18:23.457 +02:00 [INF] Found 7 startup errors via direct console query - caching for downstream use
2025-11-06 06:37:28.617 +02:00 [DBG] Compilation finished, refreshing error state
2025-11-06 06:38:08.979 +02:00 [DBG] Compilation finished, refreshing error state
2025-11-06 06:39:28.328 +02:00 [DBG] Compilation finished, refreshing error state
2025-11-06 06:39:28.402 +02:00 [INF] Deinitializing Coplay services
2025-11-06 06:39:28.405 +02:00 [INF] ConsoleDebugButtonService disposing
2025-11-06 06:39:28.433 +02:00 [INF] Unsubscribed from error detection
2025-11-06 06:39:28.437 +02:00 [INF] EditorThreadHelper disposed
2025-11-06 06:39:42.167 +02:00 [INF] Initializing Coplay services
2025-11-06 06:39:42.173 +02:00 [INF] Initializing EditorThreadHelper
2025-11-06 06:39:42.174 +02:00 [INF] EditorThreadHelper initialized successfully
2025-11-06 06:39:42.203 +02:00 [INF] Enabling console error detection
2025-11-06 06:39:42.209 +02:00 [INF] ConsoleDebugButtonService initializing
2025-11-06 06:39:42.213 +02:00 [INF] ConsoleDebugButtonService initialized
2025-11-06 06:39:43.616 +02:00 [INF] Coplay container created
2025-11-06 06:39:43.624 +02:00 [INF] Debug button created, initial visibility: hidden
2025-11-06 06:39:43.624 +02:00 [INF] Copy button created
2025-11-06 06:39:43.624 +02:00 [INF] Debug With AI button successfully injected into console
2025-11-06 06:39:43.624 +02:00 [INF] Subscribed to error detection
2025-11-06 06:39:44.079 +02:00 [INF] Found 7 startup errors via direct console query - caching for downstream use
2025-11-06 06:40:30.970 +02:00 [DBG] Compilation finished, refreshing error state
2025-11-06 06:40:30.999 +02:00 [INF] Deinitializing Coplay services
2025-11-06 06:40:30.999 +02:00 [INF] ConsoleDebugButtonService disposing
2025-11-06 06:40:31.001 +02:00 [INF] Unsubscribed from error detection
2025-11-06 06:40:31.004 +02:00 [INF] EditorThreadHelper disposed
2025-11-06 06:40:34.374 +02:00 [INF] Initializing Coplay services
2025-11-06 06:40:34.382 +02:00 [INF] Initializing EditorThreadHelper
2025-11-06 06:40:34.382 +02:00 [INF] EditorThreadHelper initialized successfully
2025-11-06 06:40:34.394 +02:00 [INF] Enabling console error detection
2025-11-06 06:40:34.402 +02:00 [INF] ConsoleDebugButtonService initializing
2025-11-06 06:40:34.406 +02:00 [INF] ConsoleDebugButtonService initialized
2025-11-06 06:40:35.789 +02:00 [INF] Coplay container created
2025-11-06 06:40:35.796 +02:00 [INF] Debug button created, initial visibility: hidden
2025-11-06 06:40:35.797 +02:00 [INF] Copy button created
2025-11-06 06:40:35.797 +02:00 [INF] Debug With AI button successfully injected into console
2025-11-06 06:40:35.797 +02:00 [INF] Subscribed to error detection
2025-11-06 06:41:18.635 +02:00 [INF] No startup errors found after delayed check
2025-11-06 06:50:30.621 +02:00 [DBG] Compilation finished, refreshing error state
2025-11-06 06:50:30.663 +02:00 [INF] Deinitializing Coplay services
2025-11-06 06:50:30.664 +02:00 [INF] ConsoleDebugButtonService disposing
2025-11-06 06:50:30.665 +02:00 [INF] Unsubscribed from error detection
2025-11-06 06:50:30.667 +02:00 [INF] EditorThreadHelper disposed
2025-11-06 06:50:33.911 +02:00 [INF] Initializing Coplay services
2025-11-06 06:50:33.918 +02:00 [INF] Initializing EditorThreadHelper
2025-11-06 06:50:33.918 +02:00 [INF] EditorThreadHelper initialized successfully
2025-11-06 06:50:33.929 +02:00 [INF] Enabling console error detection
2025-11-06 06:50:33.936 +02:00 [INF] ConsoleDebugButtonService initializing
2025-11-06 06:50:33.939 +02:00 [INF] ConsoleDebugButtonService initialized
2025-11-06 06:50:35.141 +02:00 [INF] Coplay container created
2025-11-06 06:50:35.148 +02:00 [INF] Debug button created, initial visibility: hidden
2025-11-06 06:50:35.148 +02:00 [INF] Copy button created
2025-11-06 06:50:35.149 +02:00 [INF] Debug With AI button successfully injected into console
2025-11-06 06:50:35.150 +02:00 [INF] Subscribed to error detection
2025-11-06 06:50:35.336 +02:00 [INF] No startup errors found after delayed check
2025-11-06 07:00:57.875 +02:00 [DBG] Compilation finished, refreshing error state
2025-11-06 07:07:52.907 +02:00 [DBG] Compilation finished, refreshing error state
2025-11-06 07:07:52.961 +02:00 [INF] Deinitializing Coplay services
2025-11-06 07:07:52.962 +02:00 [INF] ConsoleDebugButtonService disposing
2025-11-06 07:07:52.964 +02:00 [INF] Unsubscribed from error detection
2025-11-06 07:07:52.965 +02:00 [INF] EditorThreadHelper disposed
2025-11-06 07:07:56.164 +02:00 [INF] Initializing Coplay services
2025-11-06 07:07:56.171 +02:00 [INF] Initializing EditorThreadHelper
2025-11-06 07:07:56.171 +02:00 [INF] EditorThreadHelper initialized successfully
2025-11-06 07:07:56.184 +02:00 [INF] Enabling console error detection
2025-11-06 07:07:56.192 +02:00 [INF] ConsoleDebugButtonService initializing
2025-11-06 07:07:56.196 +02:00 [INF] ConsoleDebugButtonService initialized
2025-11-06 07:07:57.429 +02:00 [INF] Coplay container created
2025-11-06 07:07:57.437 +02:00 [INF] Debug button created, initial visibility: hidden
2025-11-06 07:07:57.438 +02:00 [INF] Copy button created
2025-11-06 07:07:57.438 +02:00 [INF] Debug With AI button successfully injected into console
2025-11-06 07:07:57.439 +02:00 [INF] Subscribed to error detection
2025-11-06 07:07:57.621 +02:00 [INF] No startup errors found after delayed check
2025-11-06 17:34:55.571 +02:00 [INF] Initializing Coplay services
2025-11-06 17:34:55.577 +02:00 [INF] Initializing EditorThreadHelper
2025-11-06 17:34:55.577 +02:00 [INF] EditorThreadHelper initialized successfully
2025-11-06 17:34:55.589 +02:00 [INF] Enabling console error detection
2025-11-06 17:34:55.595 +02:00 [INF] ConsoleDebugButtonService initializing
2025-11-06 17:34:55.599 +02:00 [INF] ConsoleDebugButtonService initialized
2025-11-06 17:35:00.188 +02:00 [INF] Coplay container created
2025-11-06 17:35:00.199 +02:00 [INF] Debug button created, initial visibility: hidden
2025-11-06 17:35:00.204 +02:00 [INF] Copy button created
2025-11-06 17:35:00.205 +02:00 [INF] Debug With AI button successfully injected into console
2025-11-06 17:35:00.205 +02:00 [INF] Subscribed to error detection
2025-11-06 17:35:00.800 +02:00 [INF] No startup errors found after delayed check
2025-11-06 17:46:52.116 +02:00 [DBG] Compilation finished, refreshing error state
2025-11-06 17:46:52.167 +02:00 [INF] Deinitializing Coplay services
2025-11-06 17:46:52.168 +02:00 [INF] ConsoleDebugButtonService disposing
2025-11-06 17:46:52.170 +02:00 [INF] Unsubscribed from error detection
2025-11-06 17:46:52.172 +02:00 [INF] EditorThreadHelper disposed
2025-11-06 17:47:03.102 +02:00 [INF] Initializing Coplay services
2025-11-06 17:47:03.109 +02:00 [INF] Initializing EditorThreadHelper
2025-11-06 17:47:03.109 +02:00 [INF] EditorThreadHelper initialized successfully
2025-11-06 17:47:03.122 +02:00 [INF] Enabling console error detection
2025-11-06 17:47:03.130 +02:00 [INF] ConsoleDebugButtonService initializing
2025-11-06 17:47:03.134 +02:00 [INF] ConsoleDebugButtonService initialized
2025-11-06 17:47:04.467 +02:00 [INF] Coplay container created
2025-11-06 17:47:04.475 +02:00 [INF] Debug button created, initial visibility: hidden
2025-11-06 17:47:04.476 +02:00 [INF] Copy button created
2025-11-06 17:47:04.476 +02:00 [INF] Debug With AI button successfully injected into console
2025-11-06 17:47:04.476 +02:00 [INF] Subscribed to error detection
2025-11-06 17:47:04.947 +02:00 [INF] No startup errors found after delayed check
2025-11-06 18:44:56.551 +02:00 [DBG] Compilation finished, refreshing error state
2025-11-06 18:44:56.610 +02:00 [INF] Deinitializing Coplay services
2025-11-06 18:44:56.612 +02:00 [INF] ConsoleDebugButtonService disposing
2025-11-06 18:44:56.617 +02:00 [INF] Unsubscribed from error detection
2025-11-06 18:44:56.623 +02:00 [INF] EditorThreadHelper disposed
2025-11-06 18:45:07.591 +02:00 [INF] Initializing Coplay services
2025-11-06 18:45:07.598 +02:00 [INF] Initializing EditorThreadHelper
2025-11-06 18:45:07.598 +02:00 [INF] EditorThreadHelper initialized successfully
2025-11-06 18:45:07.609 +02:00 [INF] Enabling console error detection
2025-11-06 18:45:07.616 +02:00 [INF] ConsoleDebugButtonService initializing
2025-11-06 18:45:07.619 +02:00 [INF] ConsoleDebugButtonService initialized
2025-11-06 18:45:08.941 +02:00 [INF] Coplay container created
2025-11-06 18:45:08.949 +02:00 [INF] Debug button created, initial visibility: hidden
2025-11-06 18:45:08.949 +02:00 [INF] Copy button created
2025-11-06 18:45:08.949 +02:00 [INF] Debug With AI button successfully injected into console
2025-11-06 18:45:08.949 +02:00 [INF] Subscribed to error detection
2025-11-06 18:45:09.416 +02:00 [INF] No startup errors found after delayed check
2025-11-06 18:46:03.833 +02:00 [DBG] Compilation finished, refreshing error state
2025-11-06 18:46:03.873 +02:00 [INF] Deinitializing Coplay services
2025-11-06 18:46:03.873 +02:00 [INF] ConsoleDebugButtonService disposing
2025-11-06 18:46:03.875 +02:00 [INF] Unsubscribed from error detection
2025-11-06 18:46:03.878 +02:00 [INF] EditorThreadHelper disposed
2025-11-06 18:46:06.608 +02:00 [INF] Initializing Coplay services
2025-11-06 18:46:06.615 +02:00 [INF] Initializing EditorThreadHelper
2025-11-06 18:46:06.615 +02:00 [INF] EditorThreadHelper initialized successfully
2025-11-06 18:46:06.630 +02:00 [INF] Enabling console error detection
2025-11-06 18:46:06.637 +02:00 [INF] ConsoleDebugButtonService initializing
2025-11-06 18:46:06.642 +02:00 [INF] ConsoleDebugButtonService initialized
2025-11-06 18:46:07.808 +02:00 [INF] Coplay container created
2025-11-06 18:46:07.816 +02:00 [INF] Debug button created, initial visibility: hidden
2025-11-06 18:46:07.816 +02:00 [INF] Copy button created
2025-11-06 18:46:07.817 +02:00 [INF] Debug With AI button successfully injected into console
2025-11-06 18:46:07.817 +02:00 [INF] Subscribed to error detection
2025-11-06 18:46:08.001 +02:00 [INF] No startup errors found after delayed check
2025-11-06 18:48:26.347 +02:00 [DBG] Compilation finished, refreshing error state
2025-11-06 18:48:26.449 +02:00 [INF] Deinitializing Coplay services
2025-11-06 18:48:26.450 +02:00 [INF] ConsoleDebugButtonService disposing
2025-11-06 18:48:26.453 +02:00 [INF] Unsubscribed from error detection
2025-11-06 18:48:26.458 +02:00 [INF] EditorThreadHelper disposed
2025-11-06 18:48:29.751 +02:00 [INF] Initializing Coplay services
2025-11-06 18:48:29.759 +02:00 [INF] Initializing EditorThreadHelper
2025-11-06 18:48:29.759 +02:00 [INF] EditorThreadHelper initialized successfully
2025-11-06 18:48:29.772 +02:00 [INF] Enabling console error detection
2025-11-06 18:48:29.781 +02:00 [INF] ConsoleDebugButtonService initializing
2025-11-06 18:48:29.785 +02:00 [INF] ConsoleDebugButtonService initialized
2025-11-06 18:48:31.122 +02:00 [INF] Coplay container created
2025-11-06 18:48:31.130 +02:00 [INF] Debug button created, initial visibility: hidden
2025-11-06 18:48:31.130 +02:00 [INF] Copy button created
2025-11-06 18:48:31.130 +02:00 [INF] Debug With AI button successfully injected into console
2025-11-06 18:48:31.131 +02:00 [INF] Subscribed to error detection
2025-11-06 18:48:31.331 +02:00 [INF] No startup errors found after delayed check
2025-11-06 19:08:45.670 +02:00 [DBG] Compilation finished, refreshing error state
2025-11-06 19:08:45.720 +02:00 [INF] Deinitializing Coplay services
2025-11-06 19:08:45.720 +02:00 [INF] ConsoleDebugButtonService disposing
2025-11-06 19:08:45.722 +02:00 [INF] Unsubscribed from error detection
2025-11-06 19:08:45.723 +02:00 [INF] EditorThreadHelper disposed
2025-11-06 19:08:48.330 +02:00 [INF] Initializing Coplay services
2025-11-06 19:08:48.337 +02:00 [INF] Initializing EditorThreadHelper
2025-11-06 19:08:48.337 +02:00 [INF] EditorThreadHelper initialized successfully
2025-11-06 19:08:48.349 +02:00 [INF] Enabling console error detection
2025-11-06 19:08:48.355 +02:00 [INF] ConsoleDebugButtonService initializing
2025-11-06 19:08:48.359 +02:00 [INF] ConsoleDebugButtonService initialized
2025-11-06 19:08:49.505 +02:00 [INF] Coplay container created
2025-11-06 19:08:49.513 +02:00 [INF] Debug button created, initial visibility: hidden
2025-11-06 19:08:49.513 +02:00 [INF] Copy button created
2025-11-06 19:08:49.513 +02:00 [INF] Debug With AI button successfully injected into console
2025-11-06 19:08:49.514 +02:00 [INF] Subscribed to error detection
2025-11-06 19:08:49.708 +02:00 [INF] No startup errors found after delayed check
2025-11-06 19:16:03.045 +02:00 [DBG] Compilation finished, refreshing error state
2025-11-06 19:16:03.096 +02:00 [INF] Deinitializing Coplay services
2025-11-06 19:16:03.098 +02:00 [INF] ConsoleDebugButtonService disposing
2025-11-06 19:16:03.100 +02:00 [INF] Unsubscribed from error detection
2025-11-06 19:16:03.101 +02:00 [INF] EditorThreadHelper disposed
2025-11-06 19:16:05.766 +02:00 [INF] Initializing Coplay services
2025-11-06 19:16:05.773 +02:00 [INF] Initializing EditorThreadHelper
2025-11-06 19:16:05.773 +02:00 [INF] EditorThreadHelper initialized successfully
2025-11-06 19:16:05.791 +02:00 [INF] Enabling console error detection
2025-11-06 19:16:05.797 +02:00 [INF] ConsoleDebugButtonService initializing
2025-11-06 19:16:05.800 +02:00 [INF] ConsoleDebugButtonService initialized
2025-11-06 19:16:06.930 +02:00 [INF] Coplay container created
2025-11-06 19:16:06.938 +02:00 [INF] Debug button created, initial visibility: hidden
2025-11-06 19:16:06.938 +02:00 [INF] Copy button created
2025-11-06 19:16:06.938 +02:00 [INF] Debug With AI button successfully injected into console
2025-11-06 19:16:06.939 +02:00 [INF] Subscribed to error detection
2025-11-06 19:16:07.158 +02:00 [INF] No startup errors found after delayed check
2025-11-06 19:24:45.881 +02:00 [DBG] Compilation finished, refreshing error state
2025-11-06 19:27:53.264 +02:00 [DBG] Compilation finished, refreshing error state
2025-11-06 19:29:06.215 +02:00 [DBG] Compilation finished, refreshing error state
2025-11-06 19:29:06.267 +02:00 [INF] Deinitializing Coplay services
2025-11-06 19:29:06.267 +02:00 [INF] ConsoleDebugButtonService disposing
2025-11-06 19:29:06.270 +02:00 [INF] Unsubscribed from error detection
2025-11-06 19:29:06.272 +02:00 [INF] EditorThreadHelper disposed
2025-11-06 19:29:28.229 +02:00 [INF] Initializing Coplay services
2025-11-06 19:29:28.238 +02:00 [INF] Initializing EditorThreadHelper
2025-11-06 19:29:28.238 +02:00 [INF] EditorThreadHelper initialized successfully
2025-11-06 19:29:28.253 +02:00 [INF] Enabling console error detection
2025-11-06 19:29:28.262 +02:00 [INF] ConsoleDebugButtonService initializing
2025-11-06 19:29:28.266 +02:00 [INF] ConsoleDebugButtonService initialized
2025-11-06 19:29:29.602 +02:00 [INF] Coplay container created
2025-11-06 19:29:29.610 +02:00 [INF] Debug button created, initial visibility: hidden
2025-11-06 19:29:29.611 +02:00 [INF] Copy button created
2025-11-06 19:29:29.611 +02:00 [INF] Debug With AI button successfully injected into console
2025-11-06 19:29:29.612 +02:00 [INF] Subscribed to error detection
2025-11-06 19:29:30.132 +02:00 [INF] No startup errors found after delayed check
2025-11-06 19:33:17.786 +02:00 [DBG] Compilation finished, refreshing error state
2025-11-06 19:33:17.837 +02:00 [INF] Deinitializing Coplay services
2025-11-06 19:33:17.839 +02:00 [INF] ConsoleDebugButtonService disposing
2025-11-06 19:33:17.840 +02:00 [INF] Unsubscribed from error detection
2025-11-06 19:33:17.842 +02:00 [INF] EditorThreadHelper disposed
2025-11-06 19:33:20.478 +02:00 [INF] Initializing Coplay services
2025-11-06 19:33:20.484 +02:00 [INF] Initializing EditorThreadHelper
2025-11-06 19:33:20.484 +02:00 [INF] EditorThreadHelper initialized successfully
2025-11-06 19:33:20.496 +02:00 [INF] Enabling console error detection
2025-11-06 19:33:20.503 +02:00 [INF] ConsoleDebugButtonService initializing
2025-11-06 19:33:20.508 +02:00 [INF] ConsoleDebugButtonService initialized
2025-11-06 19:33:21.658 +02:00 [INF] Coplay container created
2025-11-06 19:33:21.666 +02:00 [INF] Debug button created, initial visibility: hidden
2025-11-06 19:33:21.666 +02:00 [INF] Copy button created
2025-11-06 19:33:21.666 +02:00 [INF] Debug With AI button successfully injected into console
2025-11-06 19:33:21.667 +02:00 [INF] Subscribed to error detection
2025-11-06 19:33:21.856 +02:00 [INF] No startup errors found after delayed check
2025-11-06 19:34:49.076 +02:00 [DBG] Compilation finished, refreshing error state
2025-11-06 19:34:49.134 +02:00 [INF] Deinitializing Coplay services
2025-11-06 19:34:49.146 +02:00 [INF] ConsoleDebugButtonService disposing
2025-11-06 19:34:49.148 +02:00 [INF] Unsubscribed from error detection
2025-11-06 19:34:49.149 +02:00 [INF] EditorThreadHelper disposed
2025-11-06 19:34:51.913 +02:00 [INF] Initializing Coplay services
2025-11-06 19:34:51.919 +02:00 [INF] Initializing EditorThreadHelper
2025-11-06 19:34:51.919 +02:00 [INF] EditorThreadHelper initialized successfully
2025-11-06 19:34:51.931 +02:00 [INF] Enabling console error detection
2025-11-06 19:34:51.938 +02:00 [INF] ConsoleDebugButtonService initializing
2025-11-06 19:34:51.942 +02:00 [INF] ConsoleDebugButtonService initialized
2025-11-06 19:34:53.107 +02:00 [INF] Coplay container created
2025-11-06 19:34:53.114 +02:00 [INF] Debug button created, initial visibility: hidden
2025-11-06 19:34:53.115 +02:00 [INF] Copy button created
2025-11-06 19:34:53.115 +02:00 [INF] Debug With AI button successfully injected into console
2025-11-06 19:34:53.115 +02:00 [INF] Subscribed to error detection
2025-11-06 19:34:53.295 +02:00 [INF] No startup errors found after delayed check
2025-11-06 19:36:13.265 +02:00 [DBG] Compilation finished, refreshing error state
2025-11-06 19:36:13.346 +02:00 [INF] Deinitializing Coplay services
2025-11-06 19:36:13.348 +02:00 [INF] ConsoleDebugButtonService disposing
2025-11-06 19:36:13.350 +02:00 [INF] Unsubscribed from error detection
2025-11-06 19:36:13.353 +02:00 [INF] EditorThreadHelper disposed
2025-11-06 19:36:16.236 +02:00 [INF] Initializing Coplay services
2025-11-06 19:36:16.243 +02:00 [INF] Initializing EditorThreadHelper
2025-11-06 19:36:16.243 +02:00 [INF] EditorThreadHelper initialized successfully
2025-11-06 19:36:16.254 +02:00 [INF] Enabling console error detection
2025-11-06 19:36:16.262 +02:00 [INF] ConsoleDebugButtonService initializing
2025-11-06 19:36:16.266 +02:00 [INF] ConsoleDebugButtonService initialized
2025-11-06 19:36:17.457 +02:00 [INF] Coplay container created
2025-11-06 19:36:17.465 +02:00 [INF] Debug button created, initial visibility: hidden
2025-11-06 19:36:17.466 +02:00 [INF] Copy button created
2025-11-06 19:36:17.466 +02:00 [INF] Debug With AI button successfully injected into console
2025-11-06 19:36:17.466 +02:00 [INF] Subscribed to error detection
2025-11-06 19:36:17.650 +02:00 [INF] No startup errors found after delayed check
2025-11-06 20:04:28.141 +02:00 [DBG] Compilation finished, refreshing error state
2025-11-06 20:05:31.608 +02:00 [DBG] Compilation finished, refreshing error state
2025-11-06 20:05:31.671 +02:00 [INF] Deinitializing Coplay services
2025-11-06 20:05:31.672 +02:00 [INF] ConsoleDebugButtonService disposing
2025-11-06 20:05:31.678 +02:00 [INF] Unsubscribed from error detection
2025-11-06 20:05:31.682 +02:00 [INF] EditorThreadHelper disposed
2025-11-06 20:05:34.677 +02:00 [INF] Initializing Coplay services
2025-11-06 20:05:34.684 +02:00 [INF] Initializing EditorThreadHelper
2025-11-06 20:05:34.684 +02:00 [INF] EditorThreadHelper initialized successfully
2025-11-06 20:05:34.696 +02:00 [INF] Enabling console error detection
2025-11-06 20:05:34.703 +02:00 [INF] ConsoleDebugButtonService initializing
2025-11-06 20:05:34.706 +02:00 [INF] ConsoleDebugButtonService initialized
2025-11-06 20:05:35.867 +02:00 [INF] Coplay container created
2025-11-06 20:05:35.876 +02:00 [INF] Debug button created, initial visibility: hidden
2025-11-06 20:05:35.876 +02:00 [INF] Copy button created
2025-11-06 20:05:35.876 +02:00 [INF] Debug With AI button successfully injected into console
2025-11-06 20:05:35.877 +02:00 [INF] Subscribed to error detection
2025-11-06 20:05:36.071 +02:00 [INF] No startup errors found after delayed check
2025-11-06 20:28:43.547 +02:00 [DBG] Compilation finished, refreshing error state
2025-11-06 20:28:43.597 +02:00 [INF] Deinitializing Coplay services
2025-11-06 20:28:43.598 +02:00 [INF] ConsoleDebugButtonService disposing
2025-11-06 20:28:43.600 +02:00 [INF] Unsubscribed from error detection
2025-11-06 20:28:43.602 +02:00 [INF] EditorThreadHelper disposed
2025-11-06 20:28:46.448 +02:00 [INF] Initializing Coplay services
2025-11-06 20:28:46.454 +02:00 [INF] Initializing EditorThreadHelper
2025-11-06 20:28:46.454 +02:00 [INF] EditorThreadHelper initialized successfully
2025-11-06 20:28:46.467 +02:00 [INF] Enabling console error detection
2025-11-06 20:28:46.475 +02:00 [INF] ConsoleDebugButtonService initializing
2025-11-06 20:28:46.479 +02:00 [INF] ConsoleDebugButtonService initialized
2025-11-06 20:28:47.675 +02:00 [INF] Coplay container created
2025-11-06 20:28:47.682 +02:00 [INF] Debug button created, initial visibility: hidden
2025-11-06 20:28:47.682 +02:00 [INF] Copy button created
2025-11-06 20:28:47.683 +02:00 [INF] Debug With AI button successfully injected into console
2025-11-06 20:28:47.684 +02:00 [INF] Subscribed to error detection
2025-11-06 20:28:47.866 +02:00 [INF] No startup errors found after delayed check
2025-11-06 20:44:04.997 +02:00 [DBG] Compilation finished, refreshing error state
2025-11-06 20:44:05.049 +02:00 [INF] Deinitializing Coplay services
2025-11-06 20:44:05.049 +02:00 [INF] ConsoleDebugButtonService disposing
2025-11-06 20:44:05.051 +02:00 [INF] Unsubscribed from error detection
2025-11-06 20:44:05.054 +02:00 [INF] EditorThreadHelper disposed
2025-11-06 20:44:07.684 +02:00 [INF] Initializing Coplay services
2025-11-06 20:44:07.691 +02:00 [INF] Initializing EditorThreadHelper
2025-11-06 20:44:07.691 +02:00 [INF] EditorThreadHelper initialized successfully
2025-11-06 20:44:07.701 +02:00 [INF] Enabling console error detection
2025-11-06 20:44:07.709 +02:00 [INF] ConsoleDebugButtonService initializing
2025-11-06 20:44:07.712 +02:00 [INF] ConsoleDebugButtonService initialized
2025-11-06 20:44:08.861 +02:00 [INF] Coplay container created
2025-11-06 20:44:08.869 +02:00 [INF] Debug button created, initial visibility: hidden
2025-11-06 20:44:08.869 +02:00 [INF] Copy button created
2025-11-06 20:44:08.869 +02:00 [INF] Debug With AI button successfully injected into console
2025-11-06 20:44:08.869 +02:00 [INF] Subscribed to error detection
2025-11-06 20:44:09.058 +02:00 [INF] No startup errors found after delayed check
2025-11-06 22:13:11.344 +02:00 [DBG] Compilation finished, refreshing error state
2025-11-06 22:16:47.947 +02:00 [DBG] Compilation finished, refreshing error state
2025-11-06 22:18:14.858 +02:00 [DBG] Compilation finished, refreshing error state
2025-11-06 22:19:21.005 +02:00 [DBG] Compilation finished, refreshing error state
2025-11-06 22:27:26.738 +02:00 [DBG] Compilation finished, refreshing error state
2025-11-06 22:28:47.374 +02:00 [DBG] Compilation finished, refreshing error state
2025-11-06 22:28:47.551 +02:00 [INF] Deinitializing Coplay services
2025-11-06 22:28:47.552 +02:00 [INF] ConsoleDebugButtonService disposing
2025-11-06 22:28:47.557 +02:00 [INF] Unsubscribed from error detection
2025-11-06 22:28:47.561 +02:00 [INF] EditorThreadHelper disposed
2025-11-06 22:28:50.511 +02:00 [INF] Initializing Coplay services
2025-11-06 22:28:50.518 +02:00 [INF] Initializing EditorThreadHelper
2025-11-06 22:28:50.518 +02:00 [INF] EditorThreadHelper initialized successfully
2025-11-06 22:28:50.530 +02:00 [INF] Enabling console error detection
2025-11-06 22:28:50.539 +02:00 [INF] ConsoleDebugButtonService initializing
2025-11-06 22:28:50.543 +02:00 [INF] ConsoleDebugButtonService initialized
2025-11-06 22:28:51.759 +02:00 [INF] Coplay container created
2025-11-06 22:28:51.766 +02:00 [INF] Debug button created, initial visibility: hidden
2025-11-06 22:28:51.766 +02:00 [INF] Copy button created
2025-11-06 22:28:51.766 +02:00 [INF] Debug With AI button successfully injected into console
2025-11-06 22:28:51.767 +02:00 [INF] Subscribed to error detection
2025-11-06 22:28:51.983 +02:00 [INF] No startup errors found after delayed check
2025-11-06 22:29:48.474 +02:00 [DBG] Compilation finished, refreshing error state
2025-11-06 22:29:48.493 +02:00 [INF] Deinitializing Coplay services
2025-11-06 22:29:48.493 +02:00 [INF] ConsoleDebugButtonService disposing
2025-11-06 22:29:48.495 +02:00 [INF] Unsubscribed from error detection
2025-11-06 22:29:48.499 +02:00 [INF] EditorThreadHelper disposed
2025-11-06 22:29:51.289 +02:00 [INF] Initializing Coplay services
2025-11-06 22:29:51.296 +02:00 [INF] Initializing EditorThreadHelper
2025-11-06 22:29:51.296 +02:00 [INF] EditorThreadHelper initialized successfully
2025-11-06 22:29:51.308 +02:00 [INF] Enabling console error detection
2025-11-06 22:29:51.317 +02:00 [INF] ConsoleDebugButtonService initializing
2025-11-06 22:29:51.321 +02:00 [INF] ConsoleDebugButtonService initialized
2025-11-06 22:29:52.523 +02:00 [INF] Coplay container created
2025-11-06 22:29:52.531 +02:00 [INF] Debug button created, initial visibility: hidden
2025-11-06 22:29:52.532 +02:00 [INF] Copy button created
2025-11-06 22:29:52.532 +02:00 [INF] Debug With AI button successfully injected into console
2025-11-06 22:29:52.533 +02:00 [INF] Subscribed to error detection
2025-11-06 22:29:52.735 +02:00 [INF] No startup errors found after delayed check
2025-11-06 22:38:21.164 +02:00 [DBG] Compilation finished, refreshing error state
2025-11-06 22:38:21.193 +02:00 [INF] Deinitializing Coplay services
2025-11-06 22:38:21.193 +02:00 [INF] ConsoleDebugButtonService disposing
2025-11-06 22:38:21.195 +02:00 [INF] Unsubscribed from error detection
2025-11-06 22:38:21.196 +02:00 [INF] EditorThreadHelper disposed
2025-11-06 22:38:23.880 +02:00 [INF] Initializing Coplay services
2025-11-06 22:38:23.890 +02:00 [INF] Initializing EditorThreadHelper
2025-11-06 22:38:23.890 +02:00 [INF] EditorThreadHelper initialized successfully
2025-11-06 22:38:23.924 +02:00 [INF] Enabling console error detection
2025-11-06 22:38:23.931 +02:00 [INF] ConsoleDebugButtonService initializing
2025-11-06 22:38:23.935 +02:00 [INF] ConsoleDebugButtonService initialized
2025-11-06 22:38:25.084 +02:00 [INF] Coplay container created
2025-11-06 22:38:25.091 +02:00 [INF] Debug button created, initial visibility: hidden
2025-11-06 22:38:25.092 +02:00 [INF] Copy button created
2025-11-06 22:38:25.092 +02:00 [INF] Debug With AI button successfully injected into console
2025-11-06 22:38:25.093 +02:00 [INF] Subscribed to error detection
2025-11-06 22:38:25.309 +02:00 [INF] No startup errors found after delayed check
2025-11-06 22:52:59.624 +02:00 [DBG] Compilation finished, refreshing error state
2025-11-06 22:57:11.031 +02:00 [DBG] Compilation finished, refreshing error state
2025-11-06 22:57:11.074 +02:00 [INF] Deinitializing Coplay services
2025-11-06 22:57:11.075 +02:00 [INF] ConsoleDebugButtonService disposing
2025-11-06 22:57:11.078 +02:00 [INF] Unsubscribed from error detection
2025-11-06 22:57:11.080 +02:00 [INF] EditorThreadHelper disposed
2025-11-06 22:57:13.957 +02:00 [INF] Initializing Coplay services
2025-11-06 22:57:13.963 +02:00 [INF] Initializing EditorThreadHelper
2025-11-06 22:57:13.963 +02:00 [INF] EditorThreadHelper initialized successfully
2025-11-06 22:57:13.976 +02:00 [INF] Enabling console error detection
2025-11-06 22:57:13.983 +02:00 [INF] ConsoleDebugButtonService initializing
2025-11-06 22:57:13.987 +02:00 [INF] ConsoleDebugButtonService initialized
2025-11-06 22:57:15.176 +02:00 [INF] Coplay container created
2025-11-06 22:57:15.183 +02:00 [INF] Debug button created, initial visibility: hidden
2025-11-06 22:57:15.183 +02:00 [INF] Copy button created
2025-11-06 22:57:15.184 +02:00 [INF] Debug With AI button successfully injected into console
2025-11-06 22:57:15.184 +02:00 [INF] Subscribed to error detection
2025-11-06 22:57:15.396 +02:00 [INF] No startup errors found after delayed check
2025-11-06 23:53:25.288 +02:00 [DBG] Compilation finished, refreshing error state
2025-11-06 23:57:45.684 +02:00 [DBG] Compilation finished, refreshing error state
